#
# There is insufficient memory for the Java Runtime Environment to continue.
# Native memory allocation (malloc) failed to allocate 515216 bytes for Chunk::new
# Possible reasons:
#   The system is out of physical RAM or swap space
#   The process is running with CompressedOops enabled, and the Java Heap may be blocking the growth of the native heap
# Possible solutions:
#   Reduce memory load on the system
#   Increase physical memory or swap space
#   Check if swap backing store is full
#   Decrease Java heap size (-Xmx/-Xms)
#   Decrease number of Java threads
#   Decrease Java thread stack sizes (-Xss)
#   Set larger code cache with -XX:ReservedCodeCacheSize=
#   JVM is running with Zero Based Compressed Oops mode in which the Java heap is
#     placed in the first 32GB address space. The Java Heap base address is the
#     maximum limit for the native heap growth. Please use -XX:HeapBaseMinAddress
#     to set the Java Heap base and to place the Java Heap above 32GB virtual address.
# This output file may be truncated or incomplete.
#
#  Out of Memory Error (./open/src/hotspot/share/memory/arena.cpp:197), pid=19552, tid=18592
#
# JRE version: Java(TM) SE Runtime Environment 18.9 (11.0.16.1+1) (build 11.0.16.1+1-LTS-1)
# Java VM: Java HotSpot(TM) 64-Bit Server VM 18.9 (11.0.16.1+1-LTS-1, mixed mode, tiered, compressed oops, g1 gc, windows-amd64)
# No core dump will be written. Minidumps are not enabled by default on client versions of Windows
#

---------------  S U M M A R Y ------------

Command Line: org.jetbrains.kotlin.cli.jvm.K2JVMCompiler @C:\Users\PKNU\Desktop\SwitchApp\node_modules\react-native-screens\android\build\20230331_3181557237564321372.compiler.options

Host: Intel(R) Core(TM) i7-10700 CPU @ 2.90GHz, 16 cores, 31G,  Windows 11 , 64 bit Build 22621 (10.0.22621.1344)
Time: Fri Mar 31 10:52:53 2023  Windows 11 , 64 bit Build 22621 (10.0.22621.1344) elapsed time: 1.854025 seconds (0d 0h 0m 1s)

---------------  T H R E A D  ---------------

Current thread (0x0000026fe6842800):  JavaThread "C2 CompilerThread6" daemon [_thread_in_native, id=18592, stack(0x0000007ee9300000,0x0000007ee9400000)]


Current CompileTask:
C2:   1854 3775   !   4       org.jetbrains.kotlin.com.intellij.psi.impl.source.CharTableImpl::doIntern (85 bytes)

Stack: [0x0000007ee9300000,0x0000007ee9400000]
Native frames: (J=compiled Java code, j=interpreted, Vv=VM code, C=native code)
V  [jvm.dll+0x62a3da]
V  [jvm.dll+0x76407f]
V  [jvm.dll+0x765729]
V  [jvm.dll+0x765db3]
V  [jvm.dll+0x23dc18]
V  [jvm.dll+0xb2a1c]
V  [jvm.dll+0xb2fdc]
V  [jvm.dll+0x341452]
V  [jvm.dll+0x18cc19]
V  [jvm.dll+0x1f8792]
V  [jvm.dll+0x1f786d]
V  [jvm.dll+0x177c81]
V  [jvm.dll+0x207186]
V  [jvm.dll+0x20531b]
V  [jvm.dll+0x729f60]
V  [jvm.dll+0x722b34]
V  [jvm.dll+0x629276]
C  [ucrtbase.dll+0x29363]
C  [KERNEL32.DLL+0x126bd]
C  [ntdll.dll+0x5a9f8]


---------------  P R O C E S S  ---------------

Threads class SMR info:
_java_thread_list=0x0000026fe0d37f70, length=20, elements={
0x0000026fb114a000, 0x0000026fe0b56000, 0x0000026fe0b57000, 0x0000026fe0bed000,
0x0000026fe0bee000, 0x0000026fe0bef000, 0x0000026fe0bf0000, 0x0000026fe0bf4800,
0x0000026fe0c00000, 0x0000026fe0d7e800, 0x0000026fe0d87800, 0x0000026fe0d91800,
0x0000026fe0d94800, 0x0000026fe123e800, 0x0000026fe1240800, 0x0000026fe6039800,
0x0000026fe5fd5000, 0x0000026fe6576800, 0x0000026fe6842800, 0x0000026fe5ee1000
}

Java Threads: ( => current thread )
  0x0000026fb114a000 JavaThread "main" [_thread_in_vm, id=2680, stack(0x0000007ee6d00000,0x0000007ee6e00000)]
  0x0000026fe0b56000 JavaThread "Reference Handler" daemon [_thread_blocked, id=26444, stack(0x0000007ee7400000,0x0000007ee7500000)]
  0x0000026fe0b57000 JavaThread "Finalizer" daemon [_thread_blocked, id=22320, stack(0x0000007ee7500000,0x0000007ee7600000)]
  0x0000026fe0bed000 JavaThread "Signal Dispatcher" daemon [_thread_blocked, id=26116, stack(0x0000007ee7600000,0x0000007ee7700000)]
  0x0000026fe0bee000 JavaThread "Attach Listener" daemon [_thread_blocked, id=21444, stack(0x0000007ee7700000,0x0000007ee7800000)]
  0x0000026fe0bef000 JavaThread "Service Thread" daemon [_thread_blocked, id=30032, stack(0x0000007ee7800000,0x0000007ee7900000)]
  0x0000026fe0bf0000 JavaThread "C2 CompilerThread0" daemon [_thread_in_native, id=9776, stack(0x0000007ee7900000,0x0000007ee7a00000)]
  0x0000026fe0bf4800 JavaThread "C1 CompilerThread0" daemon [_thread_blocked, id=29920, stack(0x0000007ee7a00000,0x0000007ee7b00000)]
  0x0000026fe0c00000 JavaThread "Sweeper thread" daemon [_thread_blocked, id=23684, stack(0x0000007ee7b00000,0x0000007ee7c00000)]
  0x0000026fe0d7e800 JavaThread "Common-Cleaner" daemon [_thread_blocked, id=28964, stack(0x0000007ee7d00000,0x0000007ee7e00000)]
  0x0000026fe0d87800 JavaThread "C1 CompilerThread1" daemon [_thread_blocked, id=25536, stack(0x0000007ee7e00000,0x0000007ee7f00000)]
  0x0000026fe0d91800 JavaThread "C2 CompilerThread1" daemon [_thread_in_native, id=2272, stack(0x0000007ee7f00000,0x0000007ee8000000)]
  0x0000026fe0d94800 JavaThread "C2 CompilerThread2" daemon [_thread_in_native, id=29572, stack(0x0000007ee8000000,0x0000007ee8100000)]
  0x0000026fe123e800 JavaThread "C1 CompilerThread2" daemon [_thread_blocked, id=17640, stack(0x0000007ee8100000,0x0000007ee8200000)]
  0x0000026fe1240800 JavaThread "C1 CompilerThread3" daemon [_thread_in_native, id=20972, stack(0x0000007ee8200000,0x0000007ee8300000)]
  0x0000026fe6039800 JavaThread "C2 CompilerThread3" daemon [_thread_in_native, id=25176, stack(0x0000007ee9000000,0x0000007ee9100000)]
  0x0000026fe5fd5000 JavaThread "C2 CompilerThread4" daemon [_thread_in_native, id=356, stack(0x0000007ee9100000,0x0000007ee9200000)]
  0x0000026fe6576800 JavaThread "C2 CompilerThread5" daemon [_thread_in_native, id=17000, stack(0x0000007ee9200000,0x0000007ee9300000)]
=>0x0000026fe6842800 JavaThread "C2 CompilerThread6" daemon [_thread_in_native, id=18592, stack(0x0000007ee9300000,0x0000007ee9400000)]
  0x0000026fe5ee1000 JavaThread "C2 CompilerThread7" daemon [_thread_in_native, id=21592, stack(0x0000007ee9400000,0x0000007ee9500000)]

Other Threads:
  0x0000026fe0b54800 VMThread "VM Thread" [stack: 0x0000007ee7300000,0x0000007ee7400000] [id=30952]
  0x0000026fe0d7d800 WatcherThread [stack: 0x0000007ee7c00000,0x0000007ee7d00000] [id=26456]
  0x0000026fb31f2000 GCTaskThread "GC Thread#0" [stack: 0x0000007ee6e00000,0x0000007ee6f00000] [id=17096]
  0x0000026fe1350000 GCTaskThread "GC Thread#1" [stack: 0x0000007ee8300000,0x0000007ee8400000] [id=11044]
  0x0000026fe13c9800 GCTaskThread "GC Thread#2" [stack: 0x0000007ee8400000,0x0000007ee8500000] [id=28296]
  0x0000026fe13ca800 GCTaskThread "GC Thread#3" [stack: 0x0000007ee8500000,0x0000007ee8600000] [id=8320]
  0x0000026fe13cb000 GCTaskThread "GC Thread#4" [stack: 0x0000007ee8600000,0x0000007ee8700000] [id=27708]
  0x0000026fe13d4800 GCTaskThread "GC Thread#5" [stack: 0x0000007ee8700000,0x0000007ee8800000] [id=29700]
  0x0000026fe13d5800 GCTaskThread "GC Thread#6" [stack: 0x0000007ee8800000,0x0000007ee8900000] [id=5028]
  0x0000026fe13d6000 GCTaskThread "GC Thread#7" [stack: 0x0000007ee8900000,0x0000007ee8a00000] [id=25324]
  0x0000026fe13d7000 GCTaskThread "GC Thread#8" [stack: 0x0000007ee8a00000,0x0000007ee8b00000] [id=16192]
  0x0000026fe13db800 GCTaskThread "GC Thread#9" [stack: 0x0000007ee8b00000,0x0000007ee8c00000] [id=7072]
  0x0000026fe13e0800 GCTaskThread "GC Thread#10" [stack: 0x0000007ee8c00000,0x0000007ee8d00000] [id=8852]
  0x0000026fe13e1800 GCTaskThread "GC Thread#11" [stack: 0x0000007ee8d00000,0x0000007ee8e00000] [id=17452]
  0x0000026fb3273800 ConcurrentGCThread "G1 Main Marker" [stack: 0x0000007ee6f00000,0x0000007ee7000000] [id=7992]
  0x0000026fb3276000 ConcurrentGCThread "G1 Conc#0" [stack: 0x0000007ee7000000,0x0000007ee7100000] [id=23904]
  0x0000026fe13f1000 ConcurrentGCThread "G1 Conc#1" [stack: 0x0000007ee8e00000,0x0000007ee8f00000] [id=23856]
  0x0000026fe1f37000 ConcurrentGCThread "G1 Conc#2" [stack: 0x0000007ee8f00000,0x0000007ee9000000] [id=23388]
  0x0000026fe01b4800 ConcurrentGCThread "G1 Refine#0" [stack: 0x0000007ee7100000,0x0000007ee7200000] [id=27056]
  0x0000026fe01b7800 ConcurrentGCThread "G1 Young RemSet Sampling" [stack: 0x0000007ee7200000,0x0000007ee7300000] [id=8692]

Threads with active compile tasks:
C2 CompilerThread0     1897 3304       4       java.lang.ClassLoader::loadClass (7 bytes)
C2 CompilerThread1     1897 3746       4       org.jetbrains.kotlin.com.intellij.lang.impl.PsiBuilderImpl::createLeaf (155 bytes)
C2 CompilerThread2     1898 3435       4       jdk.internal.loader.ClassLoaders$AppClassLoader::loadClass (40 bytes)
C2 CompilerThread3     1898 3770       4       org.jetbrains.kotlin.com.intellij.lang.impl.PsiBuilderImpl$StartMarker::clean (39 bytes)
C2 CompilerThread4     1898 3747       4       org.jetbrains.kotlin.com.intellij.psi.impl.source.CharTableImpl::intern (71 bytes)
C2 CompilerThread5     1899 3583       4       org.jetbrains.kotlin.parsing.AbstractKotlinParsing::at (114 bytes)
C2 CompilerThread6     1899 3775   !   4       org.jetbrains.kotlin.com.intellij.psi.impl.source.CharTableImpl::doIntern (85 bytes)
C2 CompilerThread7     1899 3719       4       org.jetbrains.kotlin.com.intellij.lang.impl.PsiBuilderImpl::insertLeaves (88 bytes)

VM state:not at safepoint (normal execution)

VM Mutex/Monitor currently owned by a thread: None

Heap address: 0x0000000601000000, size: 8176 MB, Compressed Oops mode: Zero based, Oop shift amount: 3
Narrow klass base: 0x0000000800000000, Narrow klass shift: 0
Compressed class space size: 1073741824 Address: 0x0000000800000000

Heap:
 garbage-first heap   total 524288K, used 50342K [0x0000000601000000, 0x0000000800000000)
  region size 2048K, 14 young (28672K), 2 survivors (4096K)
 Metaspace       used 44970K, capacity 45440K, committed 45648K, reserved 1095680K
  class space    used 5343K, capacity 5577K, committed 5632K, reserved 1048576K
Heap Regions: E=young(eden), S=young(survivor), O=old, HS=humongous(starts), HC=humongous(continues), CS=collection set, F=free, A=archive, TAMS=top-at-mark-start (previous, next)
|   0|0x0000000601000000, 0x0000000601200000, 0x0000000601200000|100%|HS|  |TAMS 0x0000000601200000, 0x0000000601000000| Complete 
|   1|0x0000000601200000, 0x0000000601400000, 0x0000000601400000|100%|HC|  |TAMS 0x0000000601400000, 0x0000000601200000| Complete 
|   2|0x0000000601400000, 0x0000000601600000, 0x0000000601600000|100%|HS|  |TAMS 0x0000000601600000, 0x0000000601400000| Complete 
|   3|0x0000000601600000, 0x0000000601800000, 0x0000000601800000|100%|HC|  |TAMS 0x0000000601800000, 0x0000000601600000| Complete 
|   4|0x0000000601800000, 0x0000000601a00000, 0x0000000601a00000|100%|HS|  |TAMS 0x0000000601a00000, 0x0000000601800000| Complete 
|   5|0x0000000601a00000, 0x0000000601c00000, 0x0000000601c00000|100%| O|  |TAMS 0x0000000601c00000, 0x0000000601a00000| Untracked 
|   6|0x0000000601c00000, 0x0000000601e00000, 0x0000000601e00000|100%| O|  |TAMS 0x0000000601d97400, 0x0000000601c00000| Untracked 
|   7|0x0000000601e00000, 0x0000000602000000, 0x0000000602000000|100%| O|  |TAMS 0x0000000601e00000, 0x0000000601e00000| Untracked 
|   8|0x0000000602000000, 0x0000000602200000, 0x0000000602200000|100%| O|  |TAMS 0x0000000602000000, 0x0000000602000000| Untracked 
|   9|0x0000000602200000, 0x0000000602400000, 0x0000000602400000|100%| O|  |TAMS 0x0000000602200000, 0x0000000602200000| Untracked 
|  10|0x0000000602400000, 0x0000000602600000, 0x0000000602600000|100%| O|  |TAMS 0x0000000602400000, 0x0000000602400000| Untracked 
|  11|0x0000000602600000, 0x0000000602794400, 0x0000000602800000| 78%| O|  |TAMS 0x0000000602600000, 0x0000000602600000| Untracked 
|  12|0x0000000602800000, 0x0000000602800000, 0x0000000602a00000|  0%| F|  |TAMS 0x0000000602800000, 0x0000000602800000| Untracked 
|  13|0x0000000602a00000, 0x0000000602a00000, 0x0000000602c00000|  0%| F|  |TAMS 0x0000000602a00000, 0x0000000602a00000| Untracked 
|  14|0x0000000602c00000, 0x0000000602c00000, 0x0000000602e00000|  0%| F|  |TAMS 0x0000000602c00000, 0x0000000602c00000| Untracked 
|  15|0x0000000602e00000, 0x0000000602e00000, 0x0000000603000000|  0%| F|  |TAMS 0x0000000602e00000, 0x0000000602e00000| Untracked 
|  16|0x0000000603000000, 0x0000000603000000, 0x0000000603200000|  0%| F|  |TAMS 0x0000000603000000, 0x0000000603000000| Untracked 
|  17|0x0000000603200000, 0x0000000603200000, 0x0000000603400000|  0%| F|  |TAMS 0x0000000603200000, 0x0000000603200000| Untracked 
|  18|0x0000000603400000, 0x0000000603400000, 0x0000000603600000|  0%| F|  |TAMS 0x0000000603400000, 0x0000000603400000| Untracked 
|  19|0x0000000603600000, 0x0000000603600000, 0x0000000603800000|  0%| F|  |TAMS 0x0000000603600000, 0x0000000603600000| Untracked 
|  20|0x0000000603800000, 0x0000000603800000, 0x0000000603a00000|  0%| F|  |TAMS 0x0000000603800000, 0x0000000603800000| Untracked 
|  21|0x0000000603a00000, 0x0000000603a00000, 0x0000000603c00000|  0%| F|  |TAMS 0x0000000603a00000, 0x0000000603a00000| Untracked 
|  22|0x0000000603c00000, 0x0000000603c00000, 0x0000000603e00000|  0%| F|  |TAMS 0x0000000603c00000, 0x0000000603c00000| Untracked 
|  23|0x0000000603e00000, 0x0000000603e00000, 0x0000000604000000|  0%| F|  |TAMS 0x0000000603e00000, 0x0000000603e00000| Untracked 
|  24|0x0000000604000000, 0x0000000604000000, 0x0000000604200000|  0%| F|  |TAMS 0x0000000604000000, 0x0000000604000000| Untracked 
|  25|0x0000000604200000, 0x0000000604200000, 0x0000000604400000|  0%| F|  |TAMS 0x0000000604200000, 0x0000000604200000| Untracked 
|  26|0x0000000604400000, 0x0000000604400000, 0x0000000604600000|  0%| F|  |TAMS 0x0000000604400000, 0x0000000604400000| Untracked 
|  27|0x0000000604600000, 0x0000000604600000, 0x0000000604800000|  0%| F|  |TAMS 0x0000000604600000, 0x0000000604600000| Untracked 
|  28|0x0000000604800000, 0x0000000604800000, 0x0000000604a00000|  0%| F|  |TAMS 0x0000000604800000, 0x0000000604800000| Untracked 
|  29|0x0000000604a00000, 0x0000000604a00000, 0x0000000604c00000|  0%| F|  |TAMS 0x0000000604a00000, 0x0000000604a00000| Untracked 
|  30|0x0000000604c00000, 0x0000000604c00000, 0x0000000604e00000|  0%| F|  |TAMS 0x0000000604c00000, 0x0000000604c00000| Untracked 
|  31|0x0000000604e00000, 0x0000000604e00000, 0x0000000605000000|  0%| F|  |TAMS 0x0000000604e00000, 0x0000000604e00000| Untracked 
|  32|0x0000000605000000, 0x0000000605000000, 0x0000000605200000|  0%| F|  |TAMS 0x0000000605000000, 0x0000000605000000| Untracked 
|  33|0x0000000605200000, 0x0000000605200000, 0x0000000605400000|  0%| F|  |TAMS 0x0000000605200000, 0x0000000605200000| Untracked 
|  34|0x0000000605400000, 0x0000000605400000, 0x0000000605600000|  0%| F|  |TAMS 0x0000000605400000, 0x0000000605400000| Untracked 
|  35|0x0000000605600000, 0x0000000605600000, 0x0000000605800000|  0%| F|  |TAMS 0x0000000605600000, 0x0000000605600000| Untracked 
|  36|0x0000000605800000, 0x0000000605800000, 0x0000000605a00000|  0%| F|  |TAMS 0x0000000605800000, 0x0000000605800000| Untracked 
|  37|0x0000000605a00000, 0x0000000605a00000, 0x0000000605c00000|  0%| F|  |TAMS 0x0000000605a00000, 0x0000000605a00000| Untracked 
|  38|0x0000000605c00000, 0x0000000605c00000, 0x0000000605e00000|  0%| F|  |TAMS 0x0000000605c00000, 0x0000000605c00000| Untracked 
|  39|0x0000000605e00000, 0x0000000605e00000, 0x0000000606000000|  0%| F|  |TAMS 0x0000000605e00000, 0x0000000605e00000| Untracked 
|  40|0x0000000606000000, 0x0000000606000000, 0x0000000606200000|  0%| F|  |TAMS 0x0000000606000000, 0x0000000606000000| Untracked 
|  41|0x0000000606200000, 0x0000000606200000, 0x0000000606400000|  0%| F|  |TAMS 0x0000000606200000, 0x0000000606200000| Untracked 
|  42|0x0000000606400000, 0x0000000606400000, 0x0000000606600000|  0%| F|  |TAMS 0x0000000606400000, 0x0000000606400000| Untracked 
|  43|0x0000000606600000, 0x0000000606600000, 0x0000000606800000|  0%| F|  |TAMS 0x0000000606600000, 0x0000000606600000| Untracked 
|  44|0x0000000606800000, 0x0000000606800000, 0x0000000606a00000|  0%| F|  |TAMS 0x0000000606800000, 0x0000000606800000| Untracked 
|  45|0x0000000606a00000, 0x0000000606a00000, 0x0000000606c00000|  0%| F|  |TAMS 0x0000000606a00000, 0x0000000606a00000| Untracked 
|  46|0x0000000606c00000, 0x0000000606c00000, 0x0000000606e00000|  0%| F|  |TAMS 0x0000000606c00000, 0x0000000606c00000| Untracked 
|  47|0x0000000606e00000, 0x0000000606e00000, 0x0000000607000000|  0%| F|  |TAMS 0x0000000606e00000, 0x0000000606e00000| Untracked 
|  48|0x0000000607000000, 0x0000000607000000, 0x0000000607200000|  0%| F|  |TAMS 0x0000000607000000, 0x0000000607000000| Untracked 
|  49|0x0000000607200000, 0x0000000607200000, 0x0000000607400000|  0%| F|  |TAMS 0x0000000607200000, 0x0000000607200000| Untracked 
|  50|0x0000000607400000, 0x0000000607400000, 0x0000000607600000|  0%| F|  |TAMS 0x0000000607400000, 0x0000000607400000| Untracked 
|  51|0x0000000607600000, 0x0000000607600000, 0x0000000607800000|  0%| F|  |TAMS 0x0000000607600000, 0x0000000607600000| Untracked 
|  52|0x0000000607800000, 0x0000000607800000, 0x0000000607a00000|  0%| F|  |TAMS 0x0000000607800000, 0x0000000607800000| Untracked 
|  53|0x0000000607a00000, 0x0000000607a00000, 0x0000000607c00000|  0%| F|  |TAMS 0x0000000607a00000, 0x0000000607a00000| Untracked 
|  54|0x0000000607c00000, 0x0000000607c00000, 0x0000000607e00000|  0%| F|  |TAMS 0x0000000607c00000, 0x0000000607c00000| Untracked 
|  55|0x0000000607e00000, 0x0000000607e00000, 0x0000000608000000|  0%| F|  |TAMS 0x0000000607e00000, 0x0000000607e00000| Untracked 
|  56|0x0000000608000000, 0x0000000608000000, 0x0000000608200000|  0%| F|  |TAMS 0x0000000608000000, 0x0000000608000000| Untracked 
|  57|0x0000000608200000, 0x0000000608200000, 0x0000000608400000|  0%| F|  |TAMS 0x0000000608200000, 0x0000000608200000| Untracked 
|  58|0x0000000608400000, 0x0000000608400000, 0x0000000608600000|  0%| F|  |TAMS 0x0000000608400000, 0x0000000608400000| Untracked 
|  59|0x0000000608600000, 0x0000000608600000, 0x0000000608800000|  0%| F|  |TAMS 0x0000000608600000, 0x0000000608600000| Untracked 
|  60|0x0000000608800000, 0x0000000608800000, 0x0000000608a00000|  0%| F|  |TAMS 0x0000000608800000, 0x0000000608800000| Untracked 
|  61|0x0000000608a00000, 0x0000000608a00000, 0x0000000608c00000|  0%| F|  |TAMS 0x0000000608a00000, 0x0000000608a00000| Untracked 
|  62|0x0000000608c00000, 0x0000000608c00000, 0x0000000608e00000|  0%| F|  |TAMS 0x0000000608c00000, 0x0000000608c00000| Untracked 
|  63|0x0000000608e00000, 0x0000000608e00000, 0x0000000609000000|  0%| F|  |TAMS 0x0000000608e00000, 0x0000000608e00000| Untracked 
|  64|0x0000000609000000, 0x0000000609000000, 0x0000000609200000|  0%| F|  |TAMS 0x0000000609000000, 0x0000000609000000| Untracked 
|  65|0x0000000609200000, 0x0000000609200000, 0x0000000609400000|  0%| F|  |TAMS 0x0000000609200000, 0x0000000609200000| Untracked 
|  66|0x0000000609400000, 0x0000000609400000, 0x0000000609600000|  0%| F|  |TAMS 0x0000000609400000, 0x0000000609400000| Untracked 
|  67|0x0000000609600000, 0x0000000609600000, 0x0000000609800000|  0%| F|  |TAMS 0x0000000609600000, 0x0000000609600000| Untracked 
|  68|0x0000000609800000, 0x0000000609800000, 0x0000000609a00000|  0%| F|  |TAMS 0x0000000609800000, 0x0000000609800000| Untracked 
|  69|0x0000000609a00000, 0x0000000609a00000, 0x0000000609c00000|  0%| F|  |TAMS 0x0000000609a00000, 0x0000000609a00000| Untracked 
|  70|0x0000000609c00000, 0x0000000609c00000, 0x0000000609e00000|  0%| F|  |TAMS 0x0000000609c00000, 0x0000000609c00000| Untracked 
|  71|0x0000000609e00000, 0x0000000609e00000, 0x000000060a000000|  0%| F|  |TAMS 0x0000000609e00000, 0x0000000609e00000| Untracked 
|  72|0x000000060a000000, 0x000000060a000000, 0x000000060a200000|  0%| F|  |TAMS 0x000000060a000000, 0x000000060a000000| Untracked 
|  73|0x000000060a200000, 0x000000060a200000, 0x000000060a400000|  0%| F|  |TAMS 0x000000060a200000, 0x000000060a200000| Untracked 
|  74|0x000000060a400000, 0x000000060a400000, 0x000000060a600000|  0%| F|  |TAMS 0x000000060a400000, 0x000000060a400000| Untracked 
|  75|0x000000060a600000, 0x000000060a600000, 0x000000060a800000|  0%| F|  |TAMS 0x000000060a600000, 0x000000060a600000| Untracked 
|  76|0x000000060a800000, 0x000000060a800000, 0x000000060aa00000|  0%| F|  |TAMS 0x000000060a800000, 0x000000060a800000| Untracked 
|  77|0x000000060aa00000, 0x000000060aa00000, 0x000000060ac00000|  0%| F|  |TAMS 0x000000060aa00000, 0x000000060aa00000| Untracked 
|  78|0x000000060ac00000, 0x000000060ac00000, 0x000000060ae00000|  0%| F|  |TAMS 0x000000060ac00000, 0x000000060ac00000| Untracked 
|  79|0x000000060ae00000, 0x000000060ae00000, 0x000000060b000000|  0%| F|  |TAMS 0x000000060ae00000, 0x000000060ae00000| Untracked 
|  80|0x000000060b000000, 0x000000060b000000, 0x000000060b200000|  0%| F|  |TAMS 0x000000060b000000, 0x000000060b000000| Untracked 
|  81|0x000000060b200000, 0x000000060b200000, 0x000000060b400000|  0%| F|  |TAMS 0x000000060b200000, 0x000000060b200000| Untracked 
|  82|0x000000060b400000, 0x000000060b400000, 0x000000060b600000|  0%| F|  |TAMS 0x000000060b400000, 0x000000060b400000| Untracked 
|  83|0x000000060b600000, 0x000000060b600000, 0x000000060b800000|  0%| F|  |TAMS 0x000000060b600000, 0x000000060b600000| Untracked 
|  84|0x000000060b800000, 0x000000060b800000, 0x000000060ba00000|  0%| F|  |TAMS 0x000000060b800000, 0x000000060b800000| Untracked 
|  85|0x000000060ba00000, 0x000000060ba00000, 0x000000060bc00000|  0%| F|  |TAMS 0x000000060ba00000, 0x000000060ba00000| Untracked 
|  86|0x000000060bc00000, 0x000000060bc00000, 0x000000060be00000|  0%| F|  |TAMS 0x000000060bc00000, 0x000000060bc00000| Untracked 
|  87|0x000000060be00000, 0x000000060be00000, 0x000000060c000000|  0%| F|  |TAMS 0x000000060be00000, 0x000000060be00000| Untracked 
|  88|0x000000060c000000, 0x000000060c000000, 0x000000060c200000|  0%| F|  |TAMS 0x000000060c000000, 0x000000060c000000| Untracked 
|  89|0x000000060c200000, 0x000000060c200000, 0x000000060c400000|  0%| F|  |TAMS 0x000000060c200000, 0x000000060c200000| Untracked 
|  90|0x000000060c400000, 0x000000060c400000, 0x000000060c600000|  0%| F|  |TAMS 0x000000060c400000, 0x000000060c400000| Untracked 
|  91|0x000000060c600000, 0x000000060c600000, 0x000000060c800000|  0%| F|  |TAMS 0x000000060c600000, 0x000000060c600000| Untracked 
|  92|0x000000060c800000, 0x000000060c800000, 0x000000060ca00000|  0%| F|  |TAMS 0x000000060c800000, 0x000000060c800000| Untracked 
|  93|0x000000060ca00000, 0x000000060ca00000, 0x000000060cc00000|  0%| F|  |TAMS 0x000000060ca00000, 0x000000060ca00000| Untracked 
|  94|0x000000060cc00000, 0x000000060cc00000, 0x000000060ce00000|  0%| F|  |TAMS 0x000000060cc00000, 0x000000060cc00000| Untracked 
|  95|0x000000060ce00000, 0x000000060ce00000, 0x000000060d000000|  0%| F|  |TAMS 0x000000060ce00000, 0x000000060ce00000| Untracked 
|  96|0x000000060d000000, 0x000000060d000000, 0x000000060d200000|  0%| F|  |TAMS 0x000000060d000000, 0x000000060d000000| Untracked 
|  97|0x000000060d200000, 0x000000060d200000, 0x000000060d400000|  0%| F|  |TAMS 0x000000060d200000, 0x000000060d200000| Untracked 
|  98|0x000000060d400000, 0x000000060d400000, 0x000000060d600000|  0%| F|  |TAMS 0x000000060d400000, 0x000000060d400000| Untracked 
|  99|0x000000060d600000, 0x000000060d600000, 0x000000060d800000|  0%| F|  |TAMS 0x000000060d600000, 0x000000060d600000| Untracked 
| 100|0x000000060d800000, 0x000000060d800000, 0x000000060da00000|  0%| F|  |TAMS 0x000000060d800000, 0x000000060d800000| Untracked 
| 101|0x000000060da00000, 0x000000060da00000, 0x000000060dc00000|  0%| F|  |TAMS 0x000000060da00000, 0x000000060da00000| Untracked 
| 102|0x000000060dc00000, 0x000000060dc00000, 0x000000060de00000|  0%| F|  |TAMS 0x000000060dc00000, 0x000000060dc00000| Untracked 
| 103|0x000000060de00000, 0x000000060de00000, 0x000000060e000000|  0%| F|  |TAMS 0x000000060de00000, 0x000000060de00000| Untracked 
| 104|0x000000060e000000, 0x000000060e000000, 0x000000060e200000|  0%| F|  |TAMS 0x000000060e000000, 0x000000060e000000| Untracked 
| 105|0x000000060e200000, 0x000000060e200000, 0x000000060e400000|  0%| F|  |TAMS 0x000000060e200000, 0x000000060e200000| Untracked 
| 106|0x000000060e400000, 0x000000060e400000, 0x000000060e600000|  0%| F|  |TAMS 0x000000060e400000, 0x000000060e400000| Untracked 
| 107|0x000000060e600000, 0x000000060e600000, 0x000000060e800000|  0%| F|  |TAMS 0x000000060e600000, 0x000000060e600000| Untracked 
| 108|0x000000060e800000, 0x000000060e800000, 0x000000060ea00000|  0%| F|  |TAMS 0x000000060e800000, 0x000000060e800000| Untracked 
| 109|0x000000060ea00000, 0x000000060ea00000, 0x000000060ec00000|  0%| F|  |TAMS 0x000000060ea00000, 0x000000060ea00000| Untracked 
| 110|0x000000060ec00000, 0x000000060ec00000, 0x000000060ee00000|  0%| F|  |TAMS 0x000000060ec00000, 0x000000060ec00000| Untracked 
| 111|0x000000060ee00000, 0x000000060ee00000, 0x000000060f000000|  0%| F|  |TAMS 0x000000060ee00000, 0x000000060ee00000| Untracked 
| 112|0x000000060f000000, 0x000000060f000000, 0x000000060f200000|  0%| F|  |TAMS 0x000000060f000000, 0x000000060f000000| Untracked 
| 113|0x000000060f200000, 0x000000060f200000, 0x000000060f400000|  0%| F|  |TAMS 0x000000060f200000, 0x000000060f200000| Untracked 
| 114|0x000000060f400000, 0x000000060f400000, 0x000000060f600000|  0%| F|  |TAMS 0x000000060f400000, 0x000000060f400000| Untracked 
| 115|0x000000060f600000, 0x000000060f600000, 0x000000060f800000|  0%| F|  |TAMS 0x000000060f600000, 0x000000060f600000| Untracked 
| 116|0x000000060f800000, 0x000000060f800000, 0x000000060fa00000|  0%| F|  |TAMS 0x000000060f800000, 0x000000060f800000| Untracked 
| 117|0x000000060fa00000, 0x000000060fa00000, 0x000000060fc00000|  0%| F|  |TAMS 0x000000060fa00000, 0x000000060fa00000| Untracked 
| 118|0x000000060fc00000, 0x000000060fc00000, 0x000000060fe00000|  0%| F|  |TAMS 0x000000060fc00000, 0x000000060fc00000| Untracked 
| 119|0x000000060fe00000, 0x000000060fe00000, 0x0000000610000000|  0%| F|  |TAMS 0x000000060fe00000, 0x000000060fe00000| Untracked 
| 120|0x0000000610000000, 0x0000000610000000, 0x0000000610200000|  0%| F|  |TAMS 0x0000000610000000, 0x0000000610000000| Untracked 
| 121|0x0000000610200000, 0x0000000610200000, 0x0000000610400000|  0%| F|  |TAMS 0x0000000610200000, 0x0000000610200000| Untracked 
| 122|0x0000000610400000, 0x0000000610400000, 0x0000000610600000|  0%| F|  |TAMS 0x0000000610400000, 0x0000000610400000| Untracked 
| 123|0x0000000610600000, 0x0000000610600000, 0x0000000610800000|  0%| F|  |TAMS 0x0000000610600000, 0x0000000610600000| Untracked 
| 124|0x0000000610800000, 0x0000000610800000, 0x0000000610a00000|  0%| F|  |TAMS 0x0000000610800000, 0x0000000610800000| Untracked 
| 125|0x0000000610a00000, 0x0000000610a00000, 0x0000000610c00000|  0%| F|  |TAMS 0x0000000610a00000, 0x0000000610a00000| Untracked 
| 126|0x0000000610c00000, 0x0000000610c00000, 0x0000000610e00000|  0%| F|  |TAMS 0x0000000610c00000, 0x0000000610c00000| Untracked 
| 127|0x0000000610e00000, 0x0000000610e00000, 0x0000000611000000|  0%| F|  |TAMS 0x0000000610e00000, 0x0000000610e00000| Untracked 
| 128|0x0000000611000000, 0x0000000611000000, 0x0000000611200000|  0%| F|  |TAMS 0x0000000611000000, 0x0000000611000000| Untracked 
| 129|0x0000000611200000, 0x0000000611200000, 0x0000000611400000|  0%| F|  |TAMS 0x0000000611200000, 0x0000000611200000| Untracked 
| 130|0x0000000611400000, 0x0000000611400000, 0x0000000611600000|  0%| F|  |TAMS 0x0000000611400000, 0x0000000611400000| Untracked 
| 131|0x0000000611600000, 0x0000000611600000, 0x0000000611800000|  0%| F|  |TAMS 0x0000000611600000, 0x0000000611600000| Untracked 
| 132|0x0000000611800000, 0x0000000611800000, 0x0000000611a00000|  0%| F|  |TAMS 0x0000000611800000, 0x0000000611800000| Untracked 
| 133|0x0000000611a00000, 0x0000000611a00000, 0x0000000611c00000|  0%| F|  |TAMS 0x0000000611a00000, 0x0000000611a00000| Untracked 
| 134|0x0000000611c00000, 0x0000000611c00000, 0x0000000611e00000|  0%| F|  |TAMS 0x0000000611c00000, 0x0000000611c00000| Untracked 
| 135|0x0000000611e00000, 0x0000000611e00000, 0x0000000612000000|  0%| F|  |TAMS 0x0000000611e00000, 0x0000000611e00000| Untracked 
| 136|0x0000000612000000, 0x0000000612000000, 0x0000000612200000|  0%| F|  |TAMS 0x0000000612000000, 0x0000000612000000| Untracked 
| 137|0x0000000612200000, 0x0000000612200000, 0x0000000612400000|  0%| F|  |TAMS 0x0000000612200000, 0x0000000612200000| Untracked 
| 138|0x0000000612400000, 0x0000000612400000, 0x0000000612600000|  0%| F|  |TAMS 0x0000000612400000, 0x0000000612400000| Untracked 
| 139|0x0000000612600000, 0x0000000612600000, 0x0000000612800000|  0%| F|  |TAMS 0x0000000612600000, 0x0000000612600000| Untracked 
| 140|0x0000000612800000, 0x0000000612800000, 0x0000000612a00000|  0%| F|  |TAMS 0x0000000612800000, 0x0000000612800000| Untracked 
| 141|0x0000000612a00000, 0x0000000612a00000, 0x0000000612c00000|  0%| F|  |TAMS 0x0000000612a00000, 0x0000000612a00000| Untracked 
| 142|0x0000000612c00000, 0x0000000612c00000, 0x0000000612e00000|  0%| F|  |TAMS 0x0000000612c00000, 0x0000000612c00000| Untracked 
| 143|0x0000000612e00000, 0x0000000612e00000, 0x0000000613000000|  0%| F|  |TAMS 0x0000000612e00000, 0x0000000612e00000| Untracked 
| 144|0x0000000613000000, 0x0000000613000000, 0x0000000613200000|  0%| F|  |TAMS 0x0000000613000000, 0x0000000613000000| Untracked 
| 145|0x0000000613200000, 0x0000000613200000, 0x0000000613400000|  0%| F|  |TAMS 0x0000000613200000, 0x0000000613200000| Untracked 
| 146|0x0000000613400000, 0x0000000613400000, 0x0000000613600000|  0%| F|  |TAMS 0x0000000613400000, 0x0000000613400000| Untracked 
| 147|0x0000000613600000, 0x0000000613600000, 0x0000000613800000|  0%| F|  |TAMS 0x0000000613600000, 0x0000000613600000| Untracked 
| 148|0x0000000613800000, 0x0000000613800000, 0x0000000613a00000|  0%| F|  |TAMS 0x0000000613800000, 0x0000000613800000| Untracked 
| 149|0x0000000613a00000, 0x0000000613a00000, 0x0000000613c00000|  0%| F|  |TAMS 0x0000000613a00000, 0x0000000613a00000| Untracked 
| 150|0x0000000613c00000, 0x0000000613c00000, 0x0000000613e00000|  0%| F|  |TAMS 0x0000000613c00000, 0x0000000613c00000| Untracked 
| 151|0x0000000613e00000, 0x0000000613e00000, 0x0000000614000000|  0%| F|  |TAMS 0x0000000613e00000, 0x0000000613e00000| Untracked 
| 152|0x0000000614000000, 0x0000000614000000, 0x0000000614200000|  0%| F|  |TAMS 0x0000000614000000, 0x0000000614000000| Untracked 
| 153|0x0000000614200000, 0x0000000614200000, 0x0000000614400000|  0%| F|  |TAMS 0x0000000614200000, 0x0000000614200000| Untracked 
| 154|0x0000000614400000, 0x0000000614400000, 0x0000000614600000|  0%| F|  |TAMS 0x0000000614400000, 0x0000000614400000| Untracked 
| 155|0x0000000614600000, 0x0000000614600000, 0x0000000614800000|  0%| F|  |TAMS 0x0000000614600000, 0x0000000614600000| Untracked 
| 156|0x0000000614800000, 0x0000000614800000, 0x0000000614a00000|  0%| F|  |TAMS 0x0000000614800000, 0x0000000614800000| Untracked 
| 157|0x0000000614a00000, 0x0000000614a00000, 0x0000000614c00000|  0%| F|  |TAMS 0x0000000614a00000, 0x0000000614a00000| Untracked 
| 158|0x0000000614c00000, 0x0000000614c00000, 0x0000000614e00000|  0%| F|  |TAMS 0x0000000614c00000, 0x0000000614c00000| Untracked 
| 159|0x0000000614e00000, 0x0000000614e00000, 0x0000000615000000|  0%| F|  |TAMS 0x0000000614e00000, 0x0000000614e00000| Untracked 
| 160|0x0000000615000000, 0x0000000615000000, 0x0000000615200000|  0%| F|  |TAMS 0x0000000615000000, 0x0000000615000000| Untracked 
| 161|0x0000000615200000, 0x0000000615200000, 0x0000000615400000|  0%| F|  |TAMS 0x0000000615200000, 0x0000000615200000| Untracked 
| 162|0x0000000615400000, 0x0000000615400000, 0x0000000615600000|  0%| F|  |TAMS 0x0000000615400000, 0x0000000615400000| Untracked 
| 163|0x0000000615600000, 0x0000000615600000, 0x0000000615800000|  0%| F|  |TAMS 0x0000000615600000, 0x0000000615600000| Untracked 
| 164|0x0000000615800000, 0x0000000615800000, 0x0000000615a00000|  0%| F|  |TAMS 0x0000000615800000, 0x0000000615800000| Untracked 
| 165|0x0000000615a00000, 0x0000000615a00000, 0x0000000615c00000|  0%| F|  |TAMS 0x0000000615a00000, 0x0000000615a00000| Untracked 
| 166|0x0000000615c00000, 0x0000000615c00000, 0x0000000615e00000|  0%| F|  |TAMS 0x0000000615c00000, 0x0000000615c00000| Untracked 
| 167|0x0000000615e00000, 0x0000000615e00000, 0x0000000616000000|  0%| F|  |TAMS 0x0000000615e00000, 0x0000000615e00000| Untracked 
| 168|0x0000000616000000, 0x0000000616000000, 0x0000000616200000|  0%| F|  |TAMS 0x0000000616000000, 0x0000000616000000| Untracked 
| 169|0x0000000616200000, 0x0000000616200000, 0x0000000616400000|  0%| F|  |TAMS 0x0000000616200000, 0x0000000616200000| Untracked 
| 170|0x0000000616400000, 0x0000000616400000, 0x0000000616600000|  0%| F|  |TAMS 0x0000000616400000, 0x0000000616400000| Untracked 
| 171|0x0000000616600000, 0x0000000616600000, 0x0000000616800000|  0%| F|  |TAMS 0x0000000616600000, 0x0000000616600000| Untracked 
| 172|0x0000000616800000, 0x0000000616800000, 0x0000000616a00000|  0%| F|  |TAMS 0x0000000616800000, 0x0000000616800000| Untracked 
| 173|0x0000000616a00000, 0x0000000616a00000, 0x0000000616c00000|  0%| F|  |TAMS 0x0000000616a00000, 0x0000000616a00000| Untracked 
| 174|0x0000000616c00000, 0x0000000616c00000, 0x0000000616e00000|  0%| F|  |TAMS 0x0000000616c00000, 0x0000000616c00000| Untracked 
| 175|0x0000000616e00000, 0x0000000616e00000, 0x0000000617000000|  0%| F|  |TAMS 0x0000000616e00000, 0x0000000616e00000| Untracked 
| 176|0x0000000617000000, 0x0000000617000000, 0x0000000617200000|  0%| F|  |TAMS 0x0000000617000000, 0x0000000617000000| Untracked 
| 177|0x0000000617200000, 0x0000000617200000, 0x0000000617400000|  0%| F|  |TAMS 0x0000000617200000, 0x0000000617200000| Untracked 
| 178|0x0000000617400000, 0x0000000617400000, 0x0000000617600000|  0%| F|  |TAMS 0x0000000617400000, 0x0000000617400000| Untracked 
| 179|0x0000000617600000, 0x0000000617600000, 0x0000000617800000|  0%| F|  |TAMS 0x0000000617600000, 0x0000000617600000| Untracked 
| 180|0x0000000617800000, 0x0000000617800000, 0x0000000617a00000|  0%| F|  |TAMS 0x0000000617800000, 0x0000000617800000| Untracked 
| 181|0x0000000617a00000, 0x0000000617a00000, 0x0000000617c00000|  0%| F|  |TAMS 0x0000000617a00000, 0x0000000617a00000| Untracked 
| 182|0x0000000617c00000, 0x0000000617c00000, 0x0000000617e00000|  0%| F|  |TAMS 0x0000000617c00000, 0x0000000617c00000| Untracked 
| 183|0x0000000617e00000, 0x0000000617e00000, 0x0000000618000000|  0%| F|  |TAMS 0x0000000617e00000, 0x0000000617e00000| Untracked 
| 184|0x0000000618000000, 0x0000000618000000, 0x0000000618200000|  0%| F|  |TAMS 0x0000000618000000, 0x0000000618000000| Untracked 
| 185|0x0000000618200000, 0x0000000618200000, 0x0000000618400000|  0%| F|  |TAMS 0x0000000618200000, 0x0000000618200000| Untracked 
| 186|0x0000000618400000, 0x0000000618400000, 0x0000000618600000|  0%| F|  |TAMS 0x0000000618400000, 0x0000000618400000| Untracked 
| 187|0x0000000618600000, 0x0000000618600000, 0x0000000618800000|  0%| F|  |TAMS 0x0000000618600000, 0x0000000618600000| Untracked 
| 188|0x0000000618800000, 0x0000000618800000, 0x0000000618a00000|  0%| F|  |TAMS 0x0000000618800000, 0x0000000618800000| Untracked 
| 189|0x0000000618a00000, 0x0000000618a00000, 0x0000000618c00000|  0%| F|  |TAMS 0x0000000618a00000, 0x0000000618a00000| Untracked 
| 190|0x0000000618c00000, 0x0000000618c00000, 0x0000000618e00000|  0%| F|  |TAMS 0x0000000618c00000, 0x0000000618c00000| Untracked 
| 191|0x0000000618e00000, 0x0000000618e00000, 0x0000000619000000|  0%| F|  |TAMS 0x0000000618e00000, 0x0000000618e00000| Untracked 
| 192|0x0000000619000000, 0x0000000619000000, 0x0000000619200000|  0%| F|  |TAMS 0x0000000619000000, 0x0000000619000000| Untracked 
| 193|0x0000000619200000, 0x0000000619200000, 0x0000000619400000|  0%| F|  |TAMS 0x0000000619200000, 0x0000000619200000| Untracked 
| 194|0x0000000619400000, 0x0000000619400000, 0x0000000619600000|  0%| F|  |TAMS 0x0000000619400000, 0x0000000619400000| Untracked 
| 195|0x0000000619600000, 0x0000000619600000, 0x0000000619800000|  0%| F|  |TAMS 0x0000000619600000, 0x0000000619600000| Untracked 
| 196|0x0000000619800000, 0x0000000619800000, 0x0000000619a00000|  0%| F|  |TAMS 0x0000000619800000, 0x0000000619800000| Untracked 
| 197|0x0000000619a00000, 0x0000000619a00000, 0x0000000619c00000|  0%| F|  |TAMS 0x0000000619a00000, 0x0000000619a00000| Untracked 
| 198|0x0000000619c00000, 0x0000000619c00000, 0x0000000619e00000|  0%| F|  |TAMS 0x0000000619c00000, 0x0000000619c00000| Untracked 
| 199|0x0000000619e00000, 0x0000000619e00000, 0x000000061a000000|  0%| F|  |TAMS 0x0000000619e00000, 0x0000000619e00000| Untracked 
| 200|0x000000061a000000, 0x000000061a000000, 0x000000061a200000|  0%| F|  |TAMS 0x000000061a000000, 0x000000061a000000| Untracked 
| 201|0x000000061a200000, 0x000000061a200000, 0x000000061a400000|  0%| F|  |TAMS 0x000000061a200000, 0x000000061a200000| Untracked 
| 202|0x000000061a400000, 0x000000061a400000, 0x000000061a600000|  0%| F|  |TAMS 0x000000061a400000, 0x000000061a400000| Untracked 
| 203|0x000000061a600000, 0x000000061a600000, 0x000000061a800000|  0%| F|  |TAMS 0x000000061a600000, 0x000000061a600000| Untracked 
| 204|0x000000061a800000, 0x000000061a800000, 0x000000061aa00000|  0%| F|  |TAMS 0x000000061a800000, 0x000000061a800000| Untracked 
| 205|0x000000061aa00000, 0x000000061aa00000, 0x000000061ac00000|  0%| F|  |TAMS 0x000000061aa00000, 0x000000061aa00000| Untracked 
| 206|0x000000061ac00000, 0x000000061ac00000, 0x000000061ae00000|  0%| F|  |TAMS 0x000000061ac00000, 0x000000061ac00000| Untracked 
| 207|0x000000061ae00000, 0x000000061ae00000, 0x000000061b000000|  0%| F|  |TAMS 0x000000061ae00000, 0x000000061ae00000| Untracked 
| 208|0x000000061b000000, 0x000000061b000000, 0x000000061b200000|  0%| F|  |TAMS 0x000000061b000000, 0x000000061b000000| Untracked 
| 209|0x000000061b200000, 0x000000061b200000, 0x000000061b400000|  0%| F|  |TAMS 0x000000061b200000, 0x000000061b200000| Untracked 
| 210|0x000000061b400000, 0x000000061b400000, 0x000000061b600000|  0%| F|  |TAMS 0x000000061b400000, 0x000000061b400000| Untracked 
| 211|0x000000061b600000, 0x000000061b600000, 0x000000061b800000|  0%| F|  |TAMS 0x000000061b600000, 0x000000061b600000| Untracked 
| 212|0x000000061b800000, 0x000000061b800000, 0x000000061ba00000|  0%| F|  |TAMS 0x000000061b800000, 0x000000061b800000| Untracked 
| 213|0x000000061ba00000, 0x000000061ba00000, 0x000000061bc00000|  0%| F|  |TAMS 0x000000061ba00000, 0x000000061ba00000| Untracked 
| 214|0x000000061bc00000, 0x000000061bc00000, 0x000000061be00000|  0%| F|  |TAMS 0x000000061bc00000, 0x000000061bc00000| Untracked 
| 215|0x000000061be00000, 0x000000061be00000, 0x000000061c000000|  0%| F|  |TAMS 0x000000061be00000, 0x000000061be00000| Untracked 
| 216|0x000000061c000000, 0x000000061c000000, 0x000000061c200000|  0%| F|  |TAMS 0x000000061c000000, 0x000000061c000000| Untracked 
| 217|0x000000061c200000, 0x000000061c200000, 0x000000061c400000|  0%| F|  |TAMS 0x000000061c200000, 0x000000061c200000| Untracked 
| 218|0x000000061c400000, 0x000000061c400000, 0x000000061c600000|  0%| F|  |TAMS 0x000000061c400000, 0x000000061c400000| Untracked 
| 219|0x000000061c600000, 0x000000061c600000, 0x000000061c800000|  0%| F|  |TAMS 0x000000061c600000, 0x000000061c600000| Untracked 
| 220|0x000000061c800000, 0x000000061c800000, 0x000000061ca00000|  0%| F|  |TAMS 0x000000061c800000, 0x000000061c800000| Untracked 
| 221|0x000000061ca00000, 0x000000061ca00000, 0x000000061cc00000|  0%| F|  |TAMS 0x000000061ca00000, 0x000000061ca00000| Untracked 
| 222|0x000000061cc00000, 0x000000061cc00000, 0x000000061ce00000|  0%| F|  |TAMS 0x000000061cc00000, 0x000000061cc00000| Untracked 
| 223|0x000000061ce00000, 0x000000061ce00000, 0x000000061d000000|  0%| F|  |TAMS 0x000000061ce00000, 0x000000061ce00000| Untracked 
| 224|0x000000061d000000, 0x000000061d000000, 0x000000061d200000|  0%| F|  |TAMS 0x000000061d000000, 0x000000061d000000| Untracked 
| 225|0x000000061d200000, 0x000000061d200000, 0x000000061d400000|  0%| F|  |TAMS 0x000000061d200000, 0x000000061d200000| Untracked 
| 226|0x000000061d400000, 0x000000061d400000, 0x000000061d600000|  0%| F|  |TAMS 0x000000061d400000, 0x000000061d400000| Untracked 
| 227|0x000000061d600000, 0x000000061d600000, 0x000000061d800000|  0%| F|  |TAMS 0x000000061d600000, 0x000000061d600000| Untracked 
| 228|0x000000061d800000, 0x000000061d800000, 0x000000061da00000|  0%| F|  |TAMS 0x000000061d800000, 0x000000061d800000| Untracked 
| 229|0x000000061da00000, 0x000000061da00000, 0x000000061dc00000|  0%| F|  |TAMS 0x000000061da00000, 0x000000061da00000| Untracked 
| 230|0x000000061dc00000, 0x000000061dc00000, 0x000000061de00000|  0%| F|  |TAMS 0x000000061dc00000, 0x000000061dc00000| Untracked 
| 231|0x000000061de00000, 0x000000061de00000, 0x000000061e000000|  0%| F|  |TAMS 0x000000061de00000, 0x000000061de00000| Untracked 
| 232|0x000000061e000000, 0x000000061e000000, 0x000000061e200000|  0%| F|  |TAMS 0x000000061e000000, 0x000000061e000000| Untracked 
| 233|0x000000061e200000, 0x000000061e200000, 0x000000061e400000|  0%| F|  |TAMS 0x000000061e200000, 0x000000061e200000| Untracked 
| 234|0x000000061e400000, 0x000000061e400000, 0x000000061e600000|  0%| F|  |TAMS 0x000000061e400000, 0x000000061e400000| Untracked 
| 235|0x000000061e600000, 0x000000061e600000, 0x000000061e800000|  0%| F|  |TAMS 0x000000061e600000, 0x000000061e600000| Untracked 
| 236|0x000000061e800000, 0x000000061e800000, 0x000000061ea00000|  0%| F|  |TAMS 0x000000061e800000, 0x000000061e800000| Untracked 
| 237|0x000000061ea00000, 0x000000061ea00000, 0x000000061ec00000|  0%| F|  |TAMS 0x000000061ea00000, 0x000000061ea00000| Untracked 
| 238|0x000000061ec00000, 0x000000061ec00000, 0x000000061ee00000|  0%| F|  |TAMS 0x000000061ec00000, 0x000000061ec00000| Untracked 
| 239|0x000000061ee00000, 0x000000061ee00000, 0x000000061f000000|  0%| F|  |TAMS 0x000000061ee00000, 0x000000061ee00000| Untracked 
| 240|0x000000061f000000, 0x000000061f000000, 0x000000061f200000|  0%| F|  |TAMS 0x000000061f000000, 0x000000061f000000| Untracked 
| 241|0x000000061f200000, 0x000000061f395480, 0x000000061f400000| 79%| S|CS|TAMS 0x000000061f200000, 0x000000061f200000| Complete 
| 242|0x000000061f400000, 0x000000061f600000, 0x000000061f600000|100%| S|CS|TAMS 0x000000061f400000, 0x000000061f400000| Complete 
| 243|0x000000061f600000, 0x000000061f700800, 0x000000061f800000| 50%| E|  |TAMS 0x000000061f600000, 0x000000061f600000| Complete 
| 244|0x000000061f800000, 0x000000061fa00000, 0x000000061fa00000|100%| E|CS|TAMS 0x000000061f800000, 0x000000061f800000| Complete 
| 245|0x000000061fa00000, 0x000000061fc00000, 0x000000061fc00000|100%| E|CS|TAMS 0x000000061fa00000, 0x000000061fa00000| Complete 
| 246|0x000000061fc00000, 0x000000061fe00000, 0x000000061fe00000|100%| E|CS|TAMS 0x000000061fc00000, 0x000000061fc00000| Complete 
| 247|0x000000061fe00000, 0x0000000620000000, 0x0000000620000000|100%| E|CS|TAMS 0x000000061fe00000, 0x000000061fe00000| Complete 
| 248|0x0000000620000000, 0x0000000620200000, 0x0000000620200000|100%| E|CS|TAMS 0x0000000620000000, 0x0000000620000000| Complete 
| 249|0x0000000620200000, 0x0000000620400000, 0x0000000620400000|100%| E|CS|TAMS 0x0000000620200000, 0x0000000620200000| Complete 
| 250|0x0000000620400000, 0x0000000620600000, 0x0000000620600000|100%| E|CS|TAMS 0x0000000620400000, 0x0000000620400000| Complete 
| 251|0x0000000620600000, 0x0000000620800000, 0x0000000620800000|100%| E|CS|TAMS 0x0000000620600000, 0x0000000620600000| Complete 
| 252|0x0000000620800000, 0x0000000620a00000, 0x0000000620a00000|100%| E|CS|TAMS 0x0000000620800000, 0x0000000620800000| Complete 
| 253|0x0000000620a00000, 0x0000000620c00000, 0x0000000620c00000|100%| E|CS|TAMS 0x0000000620a00000, 0x0000000620a00000| Complete 
| 254|0x0000000620c00000, 0x0000000620e00000, 0x0000000620e00000|100%| E|CS|TAMS 0x0000000620c00000, 0x0000000620c00000| Complete 
| 255|0x0000000620e00000, 0x0000000621000000, 0x0000000621000000|100%| E|CS|TAMS 0x0000000620e00000, 0x0000000620e00000| Complete 

Card table byte_map: [0x0000026fcb110000,0x0000026fcc110000] _byte_map_base: 0x0000026fc8108000

Marking Bits (Prev, Next): (CMBitMap*) 0x0000026fb3262f08, (CMBitMap*) 0x0000026fb3262f40
 Prev Bits: [0x0000026fcd110000, 0x0000026fd50d0000)
 Next Bits: [0x0000026fd50d0000, 0x0000026fdd090000)

Polling page: 0x0000026fb11e0000

Metaspace:

Usage:
  Non-class:     39.49 MB capacity,    39.21 MB (>99%) used,   219.09 KB ( <1%) free+waste,    66.19 KB ( <1%) overhead. 
      Class:      5.51 MB capacity,     5.28 MB ( 96%) used,   206.74 KB (  4%) free+waste,    29.50 KB ( <1%) overhead. 
       Both:     45.00 MB capacity,    44.49 MB ( 99%) used,   425.83 KB ( <1%) free+waste,    95.69 KB ( <1%) overhead. 

Virtual space:
  Non-class space:       50.00 MB reserved,      39.58 MB ( 79%) committed 
      Class space:        1.00 GB reserved,       5.63 MB ( <1%) committed 
             Both:        1.05 GB reserved,      45.20 MB (  4%) committed 

Chunk freelists:
   Non-Class:  11.13 KB
       Class:  2.88 KB
        Both:  14.00 KB

CodeHeap 'non-profiled nmethods': size=119168Kb used=1427Kb max_used=1427Kb free=117740Kb
 bounds [0x0000026fc2420000, 0x0000026fc2690000, 0x0000026fc9880000]
CodeHeap 'profiled nmethods': size=119168Kb used=8832Kb max_used=8832Kb free=110335Kb
 bounds [0x0000026fbafc0000, 0x0000026fbb870000, 0x0000026fc2420000]
CodeHeap 'non-nmethods': size=7424Kb used=2891Kb max_used=2929Kb free=4532Kb
 bounds [0x0000026fba880000, 0x0000026fbab70000, 0x0000026fbafc0000]
 total_blobs=4432 nmethods=3881 adapters=459
 compilation: enabled
              stopped_count=0, restarted_count=0
 full_count=0

Compilation events (10 events):
Event: 1.844 Thread 0x0000026fe0bf4800 3825       3       java.lang.StringLatin1::compareToCI (108 bytes)
Event: 1.844 Thread 0x0000026fe123e800 3826       1       java.util.concurrent.atomic.AtomicReference::get (5 bytes)
Event: 1.844 Thread 0x0000026fe123e800 nmethod 3826 0x0000026fc2580190 code [0x0000026fc2580320, 0x0000026fc25803d8]
Event: 1.844 Thread 0x0000026fe1240800 3827       3       org.jetbrains.kotlin.storage.LockBasedStorageManager$LockBasedNotNullLazyValue::<init> (23 bytes)
Event: 1.844 Thread 0x0000026fe1240800 nmethod 3827 0x0000026fbb835290 code [0x0000026fbb835460, 0x0000026fbb835688]
Event: 1.845 Thread 0x0000026fe0bf4800 nmethod 3825 0x0000026fbb835790 code [0x0000026fbb8359e0, 0x0000026fbb836298]
Event: 1.845 Thread 0x0000026fe0d87800 3828       3       org.jetbrains.kotlin.com.intellij.util.keyFMap.OneElementFMap::get (26 bytes)
Event: 1.845 Thread 0x0000026fe0d87800 nmethod 3828 0x0000026fbb836690 code [0x0000026fbb836840, 0x0000026fbb836a28]
Event: 1.846 Thread 0x0000026fe123e800 3829       3       kotlin.reflect.jvm.internal.pcollections.IntTree::rebalanced (449 bytes)
Event: 1.846 Thread 0x0000026fe123e800 nmethod 3829 0x0000026fbb836b10 code [0x0000026fbb836de0, 0x0000026fbb837cc8]

GC Heap History (8 events):
Event: 0.314 GC heap before
{Heap before GC invocations=0 (full 0):
 garbage-first heap   total 524288K, used 26624K [0x0000000601000000, 0x0000000800000000)
  region size 2048K, 12 young (24576K), 0 survivors (0K)
 Metaspace       used 11381K, capacity 11504K, committed 11648K, reserved 1060864K
  class space    used 1051K, capacity 1109K, committed 1152K, reserved 1048576K
}
Event: 0.316 GC heap after
{Heap after GC invocations=1 (full 0):
 garbage-first heap   total 524288K, used 6770K [0x0000000601000000, 0x0000000800000000)
  region size 2048K, 2 young (4096K), 2 survivors (4096K)
 Metaspace       used 11381K, capacity 11504K, committed 11648K, reserved 1060864K
  class space    used 1051K, capacity 1109K, committed 1152K, reserved 1048576K
}
Event: 0.682 GC heap before
{Heap before GC invocations=1 (full 0):
 garbage-first heap   total 524288K, used 45682K [0x0000000601000000, 0x0000000800000000)
  region size 2048K, 22 young (45056K), 2 survivors (4096K)
 Metaspace       used 20918K, capacity 21115K, committed 21296K, reserved 1069056K
  class space    used 2232K, capacity 2344K, committed 2432K, reserved 1048576K
}
Event: 0.686 GC heap after
{Heap after GC invocations=2 (full 0):
 garbage-first heap   total 524288K, used 10378K [0x0000000601000000, 0x0000000800000000)
  region size 2048K, 4 young (8192K), 4 survivors (8192K)
 Metaspace       used 20918K, capacity 21115K, committed 21296K, reserved 1069056K
  class space    used 2232K, capacity 2344K, committed 2432K, reserved 1048576K
}
Event: 1.417 GC heap before
{Heap before GC invocations=3 (full 0):
 garbage-first heap   total 524288K, used 82058K [0x0000000601000000, 0x0000000800000000)
  region size 2048K, 37 young (75776K), 4 survivors (8192K)
 Metaspace       used 35371K, capacity 35745K, committed 35920K, reserved 1081344K
  class space    used 4376K, capacity 4570K, committed 4608K, reserved 1048576K
}
Event: 1.423 GC heap after
{Heap after GC invocations=4 (full 0):
 garbage-first heap   total 524288K, used 24157K [0x0000000601000000, 0x0000000800000000)
  region size 2048K, 5 young (10240K), 5 survivors (10240K)
 Metaspace       used 35371K, capacity 35745K, committed 35920K, reserved 1081344K
  class space    used 4376K, capacity 4570K, committed 4608K, reserved 1048576K
}
Event: 1.606 GC heap before
{Heap before GC invocations=5 (full 0):
 garbage-first heap   total 524288K, used 50781K [0x0000000601000000, 0x0000000800000000)
  region size 2048K, 18 young (36864K), 5 survivors (10240K)
 Metaspace       used 40054K, capacity 40480K, committed 40784K, reserved 1085440K
  class space    used 4812K, capacity 4995K, committed 5120K, reserved 1048576K
}
Event: 1.611 GC heap after
{Heap after GC invocations=6 (full 0):
 garbage-first heap   total 524288K, used 27814K [0x0000000601000000, 0x0000000800000000)
  region size 2048K, 2 young (4096K), 2 survivors (4096K)
 Metaspace       used 40054K, capacity 40480K, committed 40784K, reserved 1085440K
  class space    used 4812K, capacity 4995K, committed 5120K, reserved 1048576K
}

Deoptimization events (10 events):
Event: 1.708 Thread 0x0000026fb114a000 Uncommon trap: reason=class_check action=maybe_recompile pc=0x0000026fc2504600 method=org.jetbrains.kotlin.com.intellij.openapi.util.text.StringUtil.getLineBreakCount(Ljava/lang/CharSequence;)I @ 15 c2
Event: 1.708 Thread 0x0000026fb114a000 Uncommon trap: reason=class_check action=maybe_recompile pc=0x0000026fc2504600 method=org.jetbrains.kotlin.com.intellij.openapi.util.text.StringUtil.getLineBreakCount(Ljava/lang/CharSequence;)I @ 15 c2
Event: 1.708 Thread 0x0000026fb114a000 Uncommon trap: reason=class_check action=maybe_recompile pc=0x0000026fc2504600 method=org.jetbrains.kotlin.com.intellij.openapi.util.text.StringUtil.getLineBreakCount(Ljava/lang/CharSequence;)I @ 15 c2
Event: 1.708 Thread 0x0000026fb114a000 Uncommon trap: reason=class_check action=maybe_recompile pc=0x0000026fc2504600 method=org.jetbrains.kotlin.com.intellij.openapi.util.text.StringUtil.getLineBreakCount(Ljava/lang/CharSequence;)I @ 15 c2
Event: 1.734 Thread 0x0000026fb114a000 Uncommon trap: reason=predicate action=maybe_recompile pc=0x0000026fc2501a7c method=org.jetbrains.kotlin.com.intellij.openapi.util.text.StringUtil.getLineBreakCount(Ljava/lang/CharSequence;)I @ 13 c2
Event: 1.737 Thread 0x0000026fb114a000 Uncommon trap: reason=class_check action=maybe_recompile pc=0x0000026fc255268c method=org.jetbrains.kotlin.com.intellij.util.text.ImmutableText.charAt(I)C @ 46 c2
Event: 1.737 Thread 0x0000026fb114a000 Uncommon trap: reason=class_check action=maybe_recompile pc=0x0000026fc255268c method=org.jetbrains.kotlin.com.intellij.util.text.ImmutableText.charAt(I)C @ 46 c2
Event: 1.737 Thread 0x0000026fb114a000 Uncommon trap: reason=class_check action=maybe_recompile pc=0x0000026fc255268c method=org.jetbrains.kotlin.com.intellij.util.text.ImmutableText.charAt(I)C @ 46 c2
Event: 1.737 Thread 0x0000026fb114a000 Uncommon trap: reason=class_check action=maybe_recompile pc=0x0000026fc255268c method=org.jetbrains.kotlin.com.intellij.util.text.ImmutableText.charAt(I)C @ 46 c2
Event: 1.756 Thread 0x0000026fb114a000 Uncommon trap: reason=unstable_if action=reinterpret pc=0x0000026fc255ae9c method=org.jetbrains.kotlin.lexer._JetLexer.advance()Lorg/jetbrains/kotlin/com/intellij/psi/tree/IElementType; @ 403 c2

Classes redefined (0 events):
No events

Internal exceptions (10 events):
Event: 0.843 Thread 0x0000026fb114a000 Exception <a 'sun/nio/fs/WindowsException'{0x000000061febb098}> (0x000000061febb098) thrown at [./open/src/hotspot/share/prims/jni.cpp, line 611]
Event: 0.845 Thread 0x0000026fb114a000 Exception <a 'java/lang/NoSuchMethodError'{0x000000061fec1858}: java.lang.invoke.DirectMethodHandle$Holder.invokeStatic(Ljava/lang/Object;Ljava/lang/Object;Ljava/lang/Object;Ljava/lang/Object;)V> (0x000000061fec1858) thrown at [./open/src/hotspot/share/in
Event: 0.877 Thread 0x0000026fb114a000 Exception <a 'java/lang/NoSuchMethodError'{0x000000061fa9ff00}: java.lang.invoke.DirectMethodHandle$Holder.invokeStaticInit(Ljava/lang/Object;Ljava/lang/Object;)V> (0x000000061fa9ff00) thrown at [./open/src/hotspot/share/interpreter/linkResolver.cpp, line
Event: 0.915 Thread 0x0000026fb114a000 Exception <a 'java/lang/NoSuchMethodError'{0x000000061f6bd008}: java.lang.invoke.DirectMethodHandle$Holder.invokeVirtual(Ljava/lang/Object;Ljava/lang/Object;)V> (0x000000061f6bd008) thrown at [./open/src/hotspot/share/interpreter/linkResolver.cpp, line 77
Event: 0.920 Thread 0x0000026fb114a000 Exception <a 'java/lang/NoSuchMethodError'{0x000000061f73b198}: java.lang.invoke.DirectMethodHandle$Holder.invokeVirtual(Ljava/lang/Object;Ljava/lang/Object;)I> (0x000000061f73b198) thrown at [./open/src/hotspot/share/interpreter/linkResolver.cpp, line 77
Event: 1.371 Thread 0x0000026fb114a000 Exception <a 'java/lang/NoSuchMethodError'{0x000000061cb5ca58}: java.lang.invoke.DirectMethodHandle$Holder.invokeVirtual(Ljava/lang/Object;Ljava/lang/Object;Ljava/lang/Object;)Ljava/lang/Object;> (0x000000061cb5ca58) thrown at [./open/src/hotspot/share/in
Event: 1.705 Thread 0x0000026fb114a000 Exception <a 'java/lang/NoSuchMethodError'{0x00000006204ca110}: java.lang.invoke.Invokers$Holder.linkToTargetMethod(Ljava/lang/Object;ILjava/lang/Object;)Ljava/lang/Object;> (0x00000006204ca110) thrown at [./open/src/hotspot/share/interpreter/linkResolver
Event: 1.837 Thread 0x0000026fb114a000 Exception <a 'java/lang/NoSuchMethodError'{0x000000061fc078d0}: java.lang.invoke.DirectMethodHandle$Holder.invokeStatic(Ljava/lang/Object;Ljava/lang/Object;Ljava/lang/Object;I)Ljava/lang/Object;> (0x000000061fc078d0) thrown at [./open/src/hotspot/share/in
Event: 1.837 Thread 0x0000026fb114a000 Exception <a 'java/lang/NoSuchMethodError'{0x000000061fc0b540}: java.lang.invoke.DirectMethodHandle$Holder.invokeSpecial(Ljava/lang/Object;Ljava/lang/Object;Ljava/lang/Object;Ljava/lang/Object;I)Ljava/lang/Object;> (0x000000061fc0b540) thrown at [./open/s
Event: 1.838 Thread 0x0000026fb114a000 Exception <a 'java/lang/NoSuchMethodError'{0x000000061fc0e848}: java.lang.invoke.Invokers$Holder.linkToTargetMethod(Ljava/lang/Object;Ljava/lang/Object;ILjava/lang/Object;)Ljava/lang/Object;> (0x000000061fc0e848) thrown at [./open/src/hotspot/share/interp

Events (10 events):
Event: 1.847 loading class org/jetbrains/kotlin/resolve/lazy/descriptors/LazyClassMemberScope$_functionNames$2
Event: 1.847 loading class org/jetbrains/kotlin/resolve/lazy/descriptors/LazyClassMemberScope$_functionNames$2 done
Event: 1.847 loading class org/jetbrains/kotlin/resolve/lazy/descriptors/LazyClassMemberScope$_classifierNames$2
Event: 1.847 loading class org/jetbrains/kotlin/resolve/lazy/descriptors/LazyClassMemberScope$_classifierNames$2 done
Event: 1.847 loading class org/jetbrains/kotlin/resolve/lazy/descriptors/LazyClassMemberScope$_allNames$2
Event: 1.847 loading class org/jetbrains/kotlin/resolve/lazy/descriptors/LazyClassMemberScope$_allNames$2 done
Event: 1.847 loading class org/jetbrains/kotlin/resolve/lazy/descriptors/LazyClassMemberScope$primaryConstructor$1
Event: 1.847 loading class org/jetbrains/kotlin/resolve/lazy/descriptors/LazyClassMemberScope$primaryConstructor$1 done
Event: 1.848 loading class org/jetbrains/kotlin/resolve/lazy/descriptors/LazyClassMemberScope$secondaryConstructors$1
Event: 1.848 loading class org/jetbrains/kotlin/resolve/lazy/descriptors/LazyClassMemberScope$secondaryConstructors$1 done


Dynamic libraries:
0x00007ff6811b0000 - 0x00007ff6811bf000 	C:\Program Files\Java\jdk-11.0.16.1\bin\java.exe
0x00007ffc23a50000 - 0x00007ffc23c64000 	C:\WINDOWS\SYSTEM32\ntdll.dll
0x00007ffc22480000 - 0x00007ffc22543000 	C:\WINDOWS\System32\KERNEL32.DLL
0x00007ffc21400000 - 0x00007ffc2179c000 	C:\WINDOWS\System32\KERNELBASE.dll
0x00007ffc20e90000 - 0x00007ffc20fa1000 	C:\WINDOWS\System32\ucrtbase.dll
0x00007ffc0e6e0000 - 0x00007ffc0e6f5000 	C:\Program Files\Java\jdk-11.0.16.1\bin\VCRUNTIME140.dll
0x00007ffc0e810000 - 0x00007ffc0e828000 	C:\Program Files\Java\jdk-11.0.16.1\bin\jli.dll
0x00007ffc220d0000 - 0x00007ffc2217e000 	C:\WINDOWS\System32\ADVAPI32.dll
0x00007ffc229a0000 - 0x00007ffc22a47000 	C:\WINDOWS\System32\msvcrt.dll
0x00007ffc222c0000 - 0x00007ffc22364000 	C:\WINDOWS\System32\sechost.dll
0x00007ffc21f60000 - 0x00007ffc22075000 	C:\WINDOWS\System32\RPCRT4.dll
0x00007ffc22630000 - 0x00007ffc227dd000 	C:\WINDOWS\System32\USER32.dll
0x00007ffc20fb0000 - 0x00007ffc20fd6000 	C:\WINDOWS\System32\win32u.dll
0x00007ffc22260000 - 0x00007ffc22289000 	C:\WINDOWS\System32\GDI32.dll
0x00007ffc210f0000 - 0x00007ffc21203000 	C:\WINDOWS\System32\gdi32full.dll
0x00007ffc21050000 - 0x00007ffc210ea000 	C:\WINDOWS\System32\msvcp_win.dll
0x00007ffc09690000 - 0x00007ffc0991e000 	C:\WINDOWS\WinSxS\amd64_microsoft.windows.common-controls_6595b64144ccf1df_6.0.22621.608_none_a9444ca7c10bb01d\COMCTL32.dll
0x00007ffc19e70000 - 0x00007ffc19e7a000 	C:\WINDOWS\SYSTEM32\VERSION.dll
0x00007ffc22960000 - 0x00007ffc22991000 	C:\WINDOWS\System32\IMM32.DLL
0x00007ffbf8c70000 - 0x00007ffbf8d0b000 	C:\Program Files\Java\jdk-11.0.16.1\bin\msvcp140.dll
0x00007ffb745a0000 - 0x00007ffb750b8000 	C:\Program Files\Java\jdk-11.0.16.1\bin\server\jvm.dll
0x00007ffc222b0000 - 0x00007ffc222b8000 	C:\WINDOWS\System32\PSAPI.DLL
0x00007ffc18570000 - 0x00007ffc185a4000 	C:\WINDOWS\SYSTEM32\WINMM.dll
0x00007ffc01ff0000 - 0x00007ffc01ff9000 	C:\WINDOWS\SYSTEM32\WSOCK32.dll
0x00007ffc23990000 - 0x00007ffc23a01000 	C:\WINDOWS\System32\WS2_32.dll
0x00007ffc1ffd0000 - 0x00007ffc1ffe8000 	C:\WINDOWS\SYSTEM32\kernel.appcore.dll
0x00007ffc1d900000 - 0x00007ffc1d910000 	C:\Program Files\Java\jdk-11.0.16.1\bin\verify.dll
0x00007ffc105f0000 - 0x00007ffc1081e000 	C:\WINDOWS\SYSTEM32\DBGHELP.DLL
0x00007ffc22ca0000 - 0x00007ffc23029000 	C:\WINDOWS\System32\combase.dll
0x00007ffc22180000 - 0x00007ffc22257000 	C:\WINDOWS\System32\OLEAUT32.dll
0x00007ffc0c090000 - 0x00007ffc0c0c2000 	C:\WINDOWS\SYSTEM32\dbgcore.DLL
0x00007ffc21380000 - 0x00007ffc213fb000 	C:\WINDOWS\System32\bcryptPrimitives.dll
0x00007ffbf8c40000 - 0x00007ffbf8c68000 	C:\Program Files\Java\jdk-11.0.16.1\bin\java.dll
0x00007ffc0e6d0000 - 0x00007ffc0e6da000 	C:\Program Files\Java\jdk-11.0.16.1\bin\jimage.dll
0x00007ffc023b0000 - 0x00007ffc023c6000 	C:\Program Files\Java\jdk-11.0.16.1\bin\zip.dll
0x00007ffc23190000 - 0x00007ffc23980000 	C:\WINDOWS\System32\SHELL32.dll
0x00007ffc1eeb0000 - 0x00007ffc1f77e000 	C:\WINDOWS\SYSTEM32\windows.storage.dll
0x00007ffc1ed70000 - 0x00007ffc1eeae000 	C:\WINDOWS\SYSTEM32\wintypes.dll
0x00007ffc22370000 - 0x00007ffc22461000 	C:\WINDOWS\System32\SHCORE.dll
0x00007ffc23030000 - 0x00007ffc2308e000 	C:\WINDOWS\System32\shlwapi.dll
0x00007ffc20dc0000 - 0x00007ffc20de1000 	C:\WINDOWS\SYSTEM32\profapi.dll
0x00007ffc01d00000 - 0x00007ffc01d19000 	C:\Program Files\Java\jdk-11.0.16.1\bin\net.dll
0x00007ffc1af50000 - 0x00007ffc1b07f000 	C:\WINDOWS\SYSTEM32\WINHTTP.dll
0x00007ffc20440000 - 0x00007ffc204a9000 	C:\WINDOWS\system32\mswsock.dll
0x00007ffbf8c20000 - 0x00007ffbf8c32000 	C:\Program Files\Java\jdk-11.0.16.1\bin\nio.dll

dbghelp: loaded successfully - version: 4.0.5 - missing functions: none
symbol engine: initialized successfully - sym options: 0x614 - pdb path: .;C:\Program Files\Java\jdk-11.0.16.1\bin;C:\WINDOWS\SYSTEM32;C:\WINDOWS\WinSxS\amd64_microsoft.windows.common-controls_6595b64144ccf1df_6.0.22621.608_none_a9444ca7c10bb01d;C:\Program Files\Java\jdk-11.0.16.1\bin\server

VM Arguments:
java_command: org.jetbrains.kotlin.cli.jvm.K2JVMCompiler @C:\Users\PKNU\Desktop\SwitchApp\node_modules\react-native-screens\android\build\20230331_3181557237564321372.compiler.options
java_class_path (initial): C:\Users\PKNU\.gradle\caches\modules-2\files-2.1\org.jetbrains.kotlin\kotlin-compiler-embeddable\1.6.21\97bdd5a752ce73b58ef16c17bc7f0ea2faff7a2e\kotlin-compiler-embeddable-1.6.21.jar;C:\Users\PKNU\.gradle\caches\modules-2\files-2.1\org.jetbrains.kotlin\kotlin-reflect\1.6.21\5dc3574d9b7bebfcb4ec6b10ada4aaa9e140bd0b\kotlin-reflect-1.6.21.jar;C:\Users\PKNU\.gradle\caches\modules-2\files-2.1\org.jetbrains.kotlin\kotlin-stdlib\1.6.21\11ef67f1900634fd951bad28c53ec957fabbe5b8\kotlin-stdlib-1.6.21.jar;C:\Users\PKNU\.gradle\caches\modules-2\files-2.1\org.jetbrains.kotlin\kotlin-script-runtime\1.6.21\99c6675100da5d6d5b1c5a1032f27f28008d101b\kotlin-script-runtime-1.6.21.jar;C:\Users\PKNU\.gradle\caches\modules-2\files-2.1\org.jetbrains.kotlin\kotlin-daemon-embeddable\1.6.21\46b78cf392e1c4f10854c3cadba44abb7b82250f\kotlin-daemon-embeddable-1.6.21.jar;C:\Users\PKNU\.gradle\caches\modules-2\files-2.1\org.jetbrains.intellij.deps\trove4j\1.0.20200330\3afb14d5f9ceb459d724e907a21145e8ff394f02\trove4j-1.0.20200330.jar;C:\Users\PKNU\.gradle\caches\modules-2\files-2.1\net.java.dev.jna\jna\5.6.0\330f2244e9030119ab3030fc3fededc86713d9cc\jna-5.6.0.jar;C:\Users\PKNU\.gradle\caches\modules-2\files-2.1\org.jetbrains.kotlin\kotlin-stdlib-common\1.6.21\5e5b55c26dbc80372a920aef60eb774b714559b8\kotlin-stdlib-common-1.6.21.jar;C:\Users\PKNU\.gradle\caches\modules-2\files-2.1\org.jetbrains\annotations\13.0\919f0dfe192fb4e063e7dacadee7f8bb9a2672a9\annotations-13.0.jar
Launcher Type: SUN_STANDARD

[Global flags]
     intx CICompilerCount                          = 12                                        {product} {ergonomic}
     uint ConcGCThreads                            = 3                                         {product} {ergonomic}
     uint G1ConcRefinementThreads                  = 13                                        {product} {ergonomic}
   size_t G1HeapRegionSize                         = 2097152                                   {product} {ergonomic}
    uintx GCDrainStackTargetSize                   = 64                                        {product} {ergonomic}
   size_t InitialHeapSize                          = 536870912                                 {product} {ergonomic}
   size_t MarkStackSize                            = 4194304                                   {product} {ergonomic}
   size_t MaxHeapSize                              = 8573157376                                {product} {ergonomic}
   size_t MaxNewSize                               = 5142216704                                {product} {ergonomic}
   size_t MinHeapDeltaBytes                        = 2097152                                   {product} {ergonomic}
    uintx NonNMethodCodeHeapSize                   = 7594288                                {pd product} {ergonomic}
    uintx NonProfiledCodeHeapSize                  = 122031976                              {pd product} {ergonomic}
    uintx ProfiledCodeHeapSize                     = 122031976                              {pd product} {ergonomic}
    uintx ReservedCodeCacheSize                    = 251658240                              {pd product} {ergonomic}
     bool SegmentedCodeCache                       = true                                      {product} {ergonomic}
     bool UseCompressedClassPointers               = true                                 {lp64_product} {ergonomic}
     bool UseCompressedOops                        = true                                 {lp64_product} {ergonomic}
     bool UseG1GC                                  = true                                      {product} {ergonomic}
     bool UseLargePagesIndividualAllocation        = false                                  {pd product} {ergonomic}

Logging:
Log output configuration:
 #0: stdout all=warning uptime,level,tags
 #1: stderr all=off uptime,level,tags

Environment Variables:
JAVA_HOME=C:\Program Files\Java\jdk-11.0.16.1
CLASSPATH=C:\Users\PKNU\Desktop\SwitchApp\android\\gradle\wrapper\gradle-wrapper.jar
PATH=C:\Users\PKNU\Desktop\SwitchApp\android\node_modules\.bin;C:\Users\PKNU\Desktop\SwitchApp\node_modules\.bin;C:\Users\PKNU\Desktop\node_modules\.bin;C:\Users\PKNU\node_modules\.bin;C:\Users\node_modules\.bin;C:\node_modules\.bin;C:\Program Files\nodejs;C:\Users\PKNU\Desktop\SwitchApp\node_modules\.bin;C:\Users\PKNU\Desktop\SwitchApp\node_modules\.bin;C:\Users\PKNU\Desktop\node_modules\.bin;C:\Users\PKNU\node_modules\.bin;C:\Users\node_modules\.bin;C:\node_modules\.bin;C:\Program Files\nodejs\node_modules\npm\node_modules\@npmcli\run-script\lib\node-gyp-bin;C:\Program Files\Common Files\Oracle\Java\javapath;C:\Python310\Scripts\;C:\Python310\;C:\Program Files (x86)\Common Files\Intel\Shared Libraries\redist\intel64_win\compiler;C:\Program Files\Git\usr\local\bin;C:\Program Files\AdoptOpenJDK\jdk-11.0.11.9-hotspot\bin;C:\Program Files\Git\bin;C:\Program Files (x86)\Common Files\Oracle\Java\javapath;C:\Windows\system32;C:\Windows;C:\Windows\System32\Wbem;C:\Windows\System32\WindowsPowerShell\v1.0\;C:\Windows\System32\OpenSSH\;C:\Program Files (x86)\NVIDIA Corporation\PhysX\Common;C:\Program Files\Git\cmd;C:\Users\PKNU\AppData\Local\Programs\Python\Python39;C:\Users\PKNU\AppData\Local\Programs\Python\Python39\Scripts;C:\Program Files\PuTTY\;C:\Program Files\nodejs\;C:\ProgramData\chocolatey\bin;C:\Users\PKNU\AppData\Roaming\npm;C:\Program Files\Java\jdk-11.0.16.1\bin;D:\07_dev\apache-maven-3.8.6\bin;;C:\WINDOWS\system32;C:\WINDOWS;C:\WINDOWS\System32\Wbem;C:\WINDOWS\System32\WindowsPowerShell\v1.0\;C:\WINDOWS\System32\OpenSSH\;C:\Users\PKNU\anaconda3;C:\Users\PKNU\anaconda3\Library\mingw-w64\bin;C:\Users\PKNU\anaconda3\Library\usr\bin;C:\Users\PKNU\anaconda3\Library\bin;C:\Users\PKNU\anaconda3\Scripts;C:\Users\PKNU\AppData\Local\Programs\Python\Python37\Scripts\;C:\Users\PKNU\AppData\Local\Programs\Python\Python37\;C:\Users\PKNU\AppData\Local\Microsoft\WindowsApps;C:\Program Files\Bandizip\;C:\Users\PKNU\AppData\Local\GitHubDesktop\bin;C:\Program Files\JetBrains\PyChar
USERNAME=PKNU
OS=Windows_NT
PROCESSOR_IDENTIFIER=Intel64 Family 6 Model 165 Stepping 5, GenuineIntel



---------------  S Y S T E M  ---------------

OS: Windows 11 , 64 bit Build 22621 (10.0.22621.1344)

CPU:total 16 (initial active 16) (8 cores per cpu, 2 threads per core) family 6 model 165 stepping 5 microcode 0xe0, cmov, cx8, fxsr, mmx, sse, sse2, sse3, ssse3, sse4.1, sse4.2, popcnt, avx, avx2, aes, clmul, erms, 3dnowpref, lzcnt, ht, tsc, tscinvbit, bmi1, bmi2, adx, fma

Memory: 4k page, system-wide physical 32700M (9856M free)
TotalPageFile size 34748M (AvailPageFile size 0M)
current process WorkingSet (physical memory assigned to process): 316M, peak: 316M
current process commit charge ("private bytes"): 778M, peak: 778M

vm_info: Java HotSpot(TM) 64-Bit Server VM (11.0.16.1+1-LTS-1) for windows-amd64 JRE (11.0.16.1+1-LTS-1), built on Aug 16 2022 01:46:01 by "mach5one" with MS VC++ 15.9 (VS2017)

END.
