#
# There is insufficient memory for the Java Runtime Environment to continue.
# Native memory allocation (malloc) failed to allocate 1048576 bytes for AllocateHeap
# Possible reasons:
#   The system is out of physical RAM or swap space
#   The process is running with CompressedOops enabled, and the Java Heap may be blocking the growth of the native heap
# Possible solutions:
#   Reduce memory load on the system
#   Increase physical memory or swap space
#   Check if swap backing store is full
#   Decrease Java heap size (-Xmx/-Xms)
#   Decrease number of Java threads
#   Decrease Java thread stack sizes (-Xss)
#   Set larger code cache with -XX:ReservedCodeCacheSize=
# This output file may be truncated or incomplete.
#
#  Out of Memory Error (./open/src/hotspot/share/memory/allocation.cpp:46), pid=10844, tid=10840
#
# JRE version:  (11.0.16.1+1) (build )
# Java VM: Java HotSpot(TM) 64-Bit Server VM (11.0.16.1+1-LTS-1, mixed mode, sharing, tiered, compressed oops, g1 gc, windows-amd64)
# No core dump will be written. Minidumps are not enabled by default on client versions of Windows
#

---------------  S U M M A R Y ------------

Command Line: org.jetbrains.kotlin.cli.jvm.K2JVMCompiler @C:\Users\PKNU\Desktop\SwitchApp\node_modules\react-native-safe-area-context\android\build\20230331_1660738093359769242.compiler.options

Host: Intel(R) Core(TM) i7-10700 CPU @ 2.90GHz, 16 cores, 31G,  Windows 11 , 64 bit Build 22621 (10.0.22621.1344)
Time: Fri Mar 31 10:51:53 2023  Windows 11 , 64 bit Build 22621 (10.0.22621.1344) elapsed time: 0.049613 seconds (0d 0h 0m 0s)

---------------  T H R E A D  ---------------

Current thread (0x0000026d64bfe000):  JavaThread "Unknown thread" [_thread_in_vm, id=10840, stack(0x0000006fd2a00000,0x0000006fd2b00000)]

Stack: [0x0000006fd2a00000,0x0000006fd2b00000]
Native frames: (J=compiled Java code, j=interpreted, Vv=VM code, C=native code)
V  [jvm.dll+0x62a3da]
V  [jvm.dll+0x76407f]
V  [jvm.dll+0x765729]
V  [jvm.dll+0x765db3]
V  [jvm.dll+0x23dc18]
V  [jvm.dll+0xb1494]
V  [jvm.dll+0x2d7122]
V  [jvm.dll+0x2d1379]
V  [jvm.dll+0x73e647]
V  [jvm.dll+0x73fedf]
V  [jvm.dll+0x346f09]
V  [jvm.dll+0x723f50]
V  [jvm.dll+0x3b5aef]
V  [jvm.dll+0x3b7c01]
C  [jli.dll+0x5207]
C  [ucrtbase.dll+0x29363]
C  [KERNEL32.DLL+0x126bd]
C  [ntdll.dll+0x5a9f8]


---------------  P R O C E S S  ---------------

Threads class SMR info:
_java_thread_list=0x0000026d64b2b5d0, length=0, elements={
}

Java Threads: ( => current thread )

Other Threads:
  0x0000026d66de2800 GCTaskThread "GC Thread#0" [stack: 0x0000006fd2b00000,0x0000006fd2c00000] [id=26492]

[error occurred during error reporting (printing all threads), id 0xc0000005, EXCEPTION_ACCESS_VIOLATION (0xc0000005) at pc=0x00007ffb7487c6e0]

VM state:not at safepoint (not fully initialized)

VM Mutex/Monitor currently owned by a thread:  ([mutex/lock_event])
[0x0000026d66dca880] Heap_lock - owner thread: 0x0000026d64bfe000

Heap address: 0x0000000601000000, size: 8176 MB, Compressed Oops mode: Non-zero based: 0x0000000601000000
Narrow klass base: 0x0000000000000000, Narrow klass shift: 0

GC Heap History (0 events):
No events

Deoptimization events (0 events):
No events

Classes redefined (0 events):
No events

Internal exceptions (0 events):
No events

Events (0 events):
No events


Dynamic libraries:
0x00007ff6811b0000 - 0x00007ff6811bf000 	C:\Program Files\Java\jdk-11.0.16.1\bin\java.exe
0x00007ffc23a50000 - 0x00007ffc23c64000 	C:\WINDOWS\SYSTEM32\ntdll.dll
0x00007ffc22480000 - 0x00007ffc22543000 	C:\WINDOWS\System32\KERNEL32.DLL
0x00007ffc21400000 - 0x00007ffc2179c000 	C:\WINDOWS\System32\KERNELBASE.dll
0x00007ffc20e90000 - 0x00007ffc20fa1000 	C:\WINDOWS\System32\ucrtbase.dll
0x00007ffc0e6e0000 - 0x00007ffc0e6f5000 	C:\Program Files\Java\jdk-11.0.16.1\bin\VCRUNTIME140.dll
0x00007ffc0e810000 - 0x00007ffc0e828000 	C:\Program Files\Java\jdk-11.0.16.1\bin\jli.dll
0x00007ffc220d0000 - 0x00007ffc2217e000 	C:\WINDOWS\System32\ADVAPI32.dll
0x00007ffc229a0000 - 0x00007ffc22a47000 	C:\WINDOWS\System32\msvcrt.dll
0x00007ffc222c0000 - 0x00007ffc22364000 	C:\WINDOWS\System32\sechost.dll
0x00007ffc21f60000 - 0x00007ffc22075000 	C:\WINDOWS\System32\RPCRT4.dll
0x00007ffc22630000 - 0x00007ffc227dd000 	C:\WINDOWS\System32\USER32.dll
0x00007ffc20fb0000 - 0x00007ffc20fd6000 	C:\WINDOWS\System32\win32u.dll
0x00007ffc22260000 - 0x00007ffc22289000 	C:\WINDOWS\System32\GDI32.dll
0x00007ffc210f0000 - 0x00007ffc21203000 	C:\WINDOWS\System32\gdi32full.dll
0x00007ffc21050000 - 0x00007ffc210ea000 	C:\WINDOWS\System32\msvcp_win.dll
0x00007ffc09690000 - 0x00007ffc0991e000 	C:\WINDOWS\WinSxS\amd64_microsoft.windows.common-controls_6595b64144ccf1df_6.0.22621.608_none_a9444ca7c10bb01d\COMCTL32.dll
0x00007ffc19e70000 - 0x00007ffc19e7a000 	C:\WINDOWS\SYSTEM32\VERSION.dll
0x00007ffc22960000 - 0x00007ffc22991000 	C:\WINDOWS\System32\IMM32.DLL
0x00007ffbf8c70000 - 0x00007ffbf8d0b000 	C:\Program Files\Java\jdk-11.0.16.1\bin\msvcp140.dll
0x00007ffb745a0000 - 0x00007ffb750b8000 	C:\Program Files\Java\jdk-11.0.16.1\bin\server\jvm.dll
0x00007ffc222b0000 - 0x00007ffc222b8000 	C:\WINDOWS\System32\PSAPI.DLL
0x00007ffc18570000 - 0x00007ffc185a4000 	C:\WINDOWS\SYSTEM32\WINMM.dll
0x00007ffc01ff0000 - 0x00007ffc01ff9000 	C:\WINDOWS\SYSTEM32\WSOCK32.dll
0x00007ffc23990000 - 0x00007ffc23a01000 	C:\WINDOWS\System32\WS2_32.dll
0x00007ffc1ffd0000 - 0x00007ffc1ffe8000 	C:\WINDOWS\SYSTEM32\kernel.appcore.dll
0x00007ffc1d900000 - 0x00007ffc1d910000 	C:\Program Files\Java\jdk-11.0.16.1\bin\verify.dll
0x00007ffc105f0000 - 0x00007ffc1081e000 	C:\WINDOWS\SYSTEM32\DBGHELP.DLL
0x00007ffc22ca0000 - 0x00007ffc23029000 	C:\WINDOWS\System32\combase.dll
0x00007ffc22180000 - 0x00007ffc22257000 	C:\WINDOWS\System32\OLEAUT32.dll
0x00007ffc0c090000 - 0x00007ffc0c0c2000 	C:\WINDOWS\SYSTEM32\dbgcore.DLL
0x00007ffc21380000 - 0x00007ffc213fb000 	C:\WINDOWS\System32\bcryptPrimitives.dll
0x00007ffbf8c40000 - 0x00007ffbf8c68000 	C:\Program Files\Java\jdk-11.0.16.1\bin\java.dll
0x00007ffc0e6d0000 - 0x00007ffc0e6da000 	C:\Program Files\Java\jdk-11.0.16.1\bin\jimage.dll
0x00007ffc023b0000 - 0x00007ffc023c6000 	C:\Program Files\Java\jdk-11.0.16.1\bin\zip.dll

dbghelp: loaded successfully - version: 4.0.5 - missing functions: none
symbol engine: initialized successfully - sym options: 0x614 - pdb path: .;C:\Program Files\Java\jdk-11.0.16.1\bin;C:\WINDOWS\SYSTEM32;C:\WINDOWS\WinSxS\amd64_microsoft.windows.common-controls_6595b64144ccf1df_6.0.22621.608_none_a9444ca7c10bb01d;C:\Program Files\Java\jdk-11.0.16.1\bin\server

VM Arguments:
java_command: org.jetbrains.kotlin.cli.jvm.K2JVMCompiler @C:\Users\PKNU\Desktop\SwitchApp\node_modules\react-native-safe-area-context\android\build\20230331_1660738093359769242.compiler.options
java_class_path (initial): C:\Users\PKNU\.gradle\caches\modules-2\files-2.1\org.jetbrains.kotlin\kotlin-compiler-embeddable\1.6.20\18f66cca4301c12893ebe4ef47d65c3d9d2bff9b\kotlin-compiler-embeddable-1.6.20.jar;C:\Users\PKNU\.gradle\caches\modules-2\files-2.1\org.jetbrains.kotlin\kotlin-reflect\1.6.20\669965154723f1a712e8677af0cc5470dfdab81c\kotlin-reflect-1.6.20.jar;C:\Users\PKNU\.gradle\caches\modules-2\files-2.1\org.jetbrains.kotlin\kotlin-stdlib\1.6.20\6cedc143badbb4f1c6b7f5a340b04edff1743208\kotlin-stdlib-1.6.20.jar;C:\Users\PKNU\.gradle\caches\modules-2\files-2.1\org.jetbrains.kotlin\kotlin-script-runtime\1.6.20\a115c367e0fd9c8909293b208689afca0c88a6f1\kotlin-script-runtime-1.6.20.jar;C:\Users\PKNU\.gradle\caches\modules-2\files-2.1\org.jetbrains.kotlin\kotlin-daemon-embeddable\1.6.20\d4cac343029f48f106c57f457384771165d7deb5\kotlin-daemon-embeddable-1.6.20.jar;C:\Users\PKNU\.gradle\caches\modules-2\files-2.1\org.jetbrains.intellij.deps\trove4j\1.0.20200330\3afb14d5f9ceb459d724e907a21145e8ff394f02\trove4j-1.0.20200330.jar;C:\Users\PKNU\.gradle\caches\modules-2\files-2.1\net.java.dev.jna\jna\5.6.0\330f2244e9030119ab3030fc3fededc86713d9cc\jna-5.6.0.jar;C:\Users\PKNU\.gradle\caches\modules-2\files-2.1\org.jetbrains.kotlin\kotlin-stdlib-common\1.6.20\27b4562b6713d70f458c6d7ea39aadacb8e6a92b\kotlin-stdlib-common-1.6.20.jar;C:\Users\PKNU\.gradle\caches\modules-2\files-2.1\org.jetbrains\annotations\13.0\919f0dfe192fb4e063e7dacadee7f8bb9a2672a9\annotations-13.0.jar
Launcher Type: SUN_STANDARD

[Global flags]
     intx CICompilerCount                          = 12                                        {product} {ergonomic}
     uint ConcGCThreads                            = 3                                         {product} {ergonomic}
     uint G1ConcRefinementThreads                  = 13                                        {product} {ergonomic}
   size_t G1HeapRegionSize                         = 2097152                                   {product} {ergonomic}
    uintx GCDrainStackTargetSize                   = 64                                        {product} {ergonomic}
   size_t InitialHeapSize                          = 536870912                                 {product} {ergonomic}
   size_t MarkStackSize                            = 4194304                                   {product} {ergonomic}
   size_t MaxHeapSize                              = 8573157376                                {product} {ergonomic}
   size_t MinHeapDeltaBytes                        = 2097152                                   {product} {ergonomic}
    uintx NonNMethodCodeHeapSize                   = 7594288                                {pd product} {ergonomic}
    uintx NonProfiledCodeHeapSize                  = 122031976                              {pd product} {ergonomic}
    uintx ProfiledCodeHeapSize                     = 122031976                              {pd product} {ergonomic}
    uintx ReservedCodeCacheSize                    = 251658240                              {pd product} {ergonomic}
     bool SegmentedCodeCache                       = true                                      {product} {ergonomic}
     bool UseCompressedClassPointers               = true                                 {lp64_product} {ergonomic}
     bool UseCompressedOops                        = true                                 {lp64_product} {ergonomic}
     bool UseG1GC                                  = true                                      {product} {ergonomic}
     bool UseLargePagesIndividualAllocation        = false                                  {pd product} {ergonomic}

Logging:
Log output configuration:
 #0: stdout all=warning uptime,level,tags
 #1: stderr all=off uptime,level,tags

Environment Variables:
JAVA_HOME=C:\Program Files\Java\jdk-11.0.16.1
CLASSPATH=C:\Users\PKNU\Desktop\SwitchApp\android\\gradle\wrapper\gradle-wrapper.jar
PATH=C:\Users\PKNU\Desktop\SwitchApp\android\node_modules\.bin;C:\Users\PKNU\Desktop\SwitchApp\node_modules\.bin;C:\Users\PKNU\Desktop\node_modules\.bin;C:\Users\PKNU\node_modules\.bin;C:\Users\node_modules\.bin;C:\node_modules\.bin;C:\Program Files\nodejs;C:\Users\PKNU\Desktop\SwitchApp\node_modules\.bin;C:\Users\PKNU\Desktop\SwitchApp\node_modules\.bin;C:\Users\PKNU\Desktop\node_modules\.bin;C:\Users\PKNU\node_modules\.bin;C:\Users\node_modules\.bin;C:\node_modules\.bin;C:\Program Files\nodejs\node_modules\npm\node_modules\@npmcli\run-script\lib\node-gyp-bin;C:\Program Files\Common Files\Oracle\Java\javapath;C:\Python310\Scripts\;C:\Python310\;C:\Program Files (x86)\Common Files\Intel\Shared Libraries\redist\intel64_win\compiler;C:\Program Files\Git\usr\local\bin;C:\Program Files\AdoptOpenJDK\jdk-11.0.11.9-hotspot\bin;C:\Program Files\Git\bin;C:\Program Files (x86)\Common Files\Oracle\Java\javapath;C:\Windows\system32;C:\Windows;C:\Windows\System32\Wbem;C:\Windows\System32\WindowsPowerShell\v1.0\;C:\Windows\System32\OpenSSH\;C:\Program Files (x86)\NVIDIA Corporation\PhysX\Common;C:\Program Files\Git\cmd;C:\Users\PKNU\AppData\Local\Programs\Python\Python39;C:\Users\PKNU\AppData\Local\Programs\Python\Python39\Scripts;C:\Program Files\PuTTY\;C:\Program Files\nodejs\;C:\ProgramData\chocolatey\bin;C:\Users\PKNU\AppData\Roaming\npm;C:\Program Files\Java\jdk-11.0.16.1\bin;D:\07_dev\apache-maven-3.8.6\bin;;C:\WINDOWS\system32;C:\WINDOWS;C:\WINDOWS\System32\Wbem;C:\WINDOWS\System32\WindowsPowerShell\v1.0\;C:\WINDOWS\System32\OpenSSH\;C:\Users\PKNU\anaconda3;C:\Users\PKNU\anaconda3\Library\mingw-w64\bin;C:\Users\PKNU\anaconda3\Library\usr\bin;C:\Users\PKNU\anaconda3\Library\bin;C:\Users\PKNU\anaconda3\Scripts;C:\Users\PKNU\AppData\Local\Programs\Python\Python37\Scripts\;C:\Users\PKNU\AppData\Local\Programs\Python\Python37\;C:\Users\PKNU\AppData\Local\Microsoft\WindowsApps;C:\Program Files\Bandizip\;C:\Users\PKNU\AppData\Local\GitHubDesktop\bin;C:\Program Files\JetBrains\PyChar
USERNAME=PKNU
OS=Windows_NT
PROCESSOR_IDENTIFIER=Intel64 Family 6 Model 165 Stepping 5, GenuineIntel



---------------  S Y S T E M  ---------------

OS: Windows 11 , 64 bit Build 22621 (10.0.22621.1344)

CPU:total 16 (initial active 16) (8 cores per cpu, 2 threads per core) family 6 model 165 stepping 5 microcode 0xe0, cmov, cx8, fxsr, mmx, sse, sse2, sse3, ssse3, sse4.1, sse4.2, popcnt, avx, avx2, aes, clmul, erms, 3dnowpref, lzcnt, ht, tsc, tscinvbit, bmi1, bmi2, adx, fma

Memory: 4k page, system-wide physical 32700M (9205M free)
TotalPageFile size 34748M (AvailPageFile size 21M)
current process WorkingSet (physical memory assigned to process): 11M, peak: 11M
current process commit charge ("private bytes"): 59M, peak: 60M

vm_info: Java HotSpot(TM) 64-Bit Server VM (11.0.16.1+1-LTS-1) for windows-amd64 JRE (11.0.16.1+1-LTS-1), built on Aug 16 2022 01:46:01 by "mach5one" with MS VC++ 15.9 (VS2017)

END.
